{"D:\\Codingan\\JavaScript\\ExpressJS\\backend-task-api\\src\\controllers\\attachment.controller.js": {"path":"D:\\Codingan\\JavaScript\\ExpressJS\\backend-task-api\\src\\controllers\\attachment.controller.js","statementMap":{"0":{"start":{"line":7,"column":4},"end":{"line":27,"column":5}},"1":{"start":{"line":8,"column":27},"end":{"line":8,"column":37}},"2":{"start":{"line":9,"column":27},"end":{"line":9,"column":35}},"3":{"start":{"line":11,"column":8},"end":{"line":13,"column":9}},"4":{"start":{"line":12,"column":12},"end":{"line":12,"column":73}},"5":{"start":{"line":15,"column":30},"end":{"line":15,"column":72}},"6":{"start":{"line":17,"column":8},"end":{"line":21,"column":10}},"7":{"start":{"line":23,"column":8},"end":{"line":25,"column":9}},"8":{"start":{"line":24,"column":12},"end":{"line":24,"column":67}},"9":{"start":{"line":26,"column":8},"end":{"line":26,"column":19}},"10":{"start":{"line":31,"column":4},"end":{"line":40,"column":5}},"11":{"start":{"line":32,"column":23},"end":{"line":32,"column":33}},"12":{"start":{"line":33,"column":33},"end":{"line":33,"column":41}},"13":{"start":{"line":35,"column":23},"end":{"line":35,"column":70}},"14":{"start":{"line":37,"column":8},"end":{"line":37,"column":36}},"15":{"start":{"line":39,"column":8},"end":{"line":39,"column":17}}},"fnMap":{"0":{"name":"uploadTaskAttachment","decl":{"start":{"line":6,"column":22},"end":{"line":6,"column":42}},"loc":{"start":{"line":6,"column":59},"end":{"line":28,"column":1}},"line":6},"1":{"name":"handleDeleteAttachment","decl":{"start":{"line":30,"column":22},"end":{"line":30,"column":44}},"loc":{"start":{"line":30,"column":61},"end":{"line":41,"column":1}},"line":30}},"branchMap":{"0":{"loc":{"start":{"line":11,"column":8},"end":{"line":13,"column":9}},"type":"if","locations":[{"start":{"line":11,"column":8},"end":{"line":13,"column":9}},{"start":{},"end":{}}],"line":11},"1":{"loc":{"start":{"line":23,"column":8},"end":{"line":25,"column":9}},"type":"if","locations":[{"start":{"line":23,"column":8},"end":{"line":25,"column":9}},{"start":{},"end":{}}],"line":23}},"s":{"0":4,"1":4,"2":4,"3":4,"4":1,"5":3,"6":1,"7":2,"8":1,"9":1,"10":2,"11":2,"12":2,"13":2,"14":1,"15":1},"f":{"0":4,"1":2},"b":{"0":[1,3],"1":[1,1]},"_coverageSchema":"1a1c01bbd47fc00a2c39e90264f33305004495a9","hash":"d6f427faafe1c4e6c5c6f55b97f4807951830839"}
,"D:\\Codingan\\JavaScript\\ExpressJS\\backend-task-api\\src\\controllers\\auth.controller.js": {"path":"D:\\Codingan\\JavaScript\\ExpressJS\\backend-task-api\\src\\controllers\\auth.controller.js","statementMap":{"0":{"start":{"line":9,"column":4},"end":{"line":46,"column":5}},"1":{"start":{"line":10,"column":33},"end":{"line":12,"column":10}},"2":{"start":{"line":14,"column":8},"end":{"line":26,"column":9}},"3":{"start":{"line":15,"column":27},"end":{"line":15,"column":29}},"4":{"start":{"line":16,"column":12},"end":{"line":20,"column":14}},"5":{"start":{"line":17,"column":28},"end":{"line":17,"column":42}},"6":{"start":{"line":18,"column":37},"end":{"line":18,"column":71}},"7":{"start":{"line":19,"column":16},"end":{"line":19,"column":42}},"8":{"start":{"line":21,"column":12},"end":{"line":25,"column":14}},"9":{"start":{"line":28,"column":48},"end":{"line":28,"column":53}},"10":{"start":{"line":30,"column":24},"end":{"line":35,"column":10}},"11":{"start":{"line":37,"column":8},"end":{"line":40,"column":10}},"12":{"start":{"line":42,"column":8},"end":{"line":44,"column":9}},"13":{"start":{"line":43,"column":12},"end":{"line":43,"column":67}},"14":{"start":{"line":45,"column":8},"end":{"line":45,"column":19}},"15":{"start":{"line":49,"column":21},"end":{"line":79,"column":1}},"16":{"start":{"line":50,"column":4},"end":{"line":78,"column":5}},"17":{"start":{"line":51,"column":33},"end":{"line":51,"column":63}},"18":{"start":{"line":53,"column":8},"end":{"line":60,"column":9}},"19":{"start":{"line":54,"column":33},"end":{"line":54,"column":75}},"20":{"start":{"line":56,"column":12},"end":{"line":59,"column":14}},"21":{"start":{"line":62,"column":36},"end":{"line":62,"column":41}},"22":{"start":{"line":64,"column":23},"end":{"line":64,"column":71}},"23":{"start":{"line":66,"column":8},"end":{"line":70,"column":10}},"24":{"start":{"line":72,"column":8},"end":{"line":76,"column":9}},"25":{"start":{"line":73,"column":12},"end":{"line":75,"column":65}},"26":{"start":{"line":77,"column":8},"end":{"line":77,"column":19}},"27":{"start":{"line":81,"column":23},"end":{"line":111,"column":1}},"28":{"start":{"line":82,"column":4},"end":{"line":110,"column":5}},"29":{"start":{"line":83,"column":33},"end":{"line":83,"column":65}},"30":{"start":{"line":85,"column":8},"end":{"line":89,"column":9}},"31":{"start":{"line":86,"column":12},"end":{"line":88,"column":76}},"32":{"start":{"line":91,"column":33},"end":{"line":91,"column":38}},"33":{"start":{"line":93,"column":26},"end":{"line":93,"column":70}},"34":{"start":{"line":95,"column":8},"end":{"line":99,"column":10}},"35":{"start":{"line":101,"column":8},"end":{"line":108,"column":9}},"36":{"start":{"line":105,"column":12},"end":{"line":107,"column":65}},"37":{"start":{"line":109,"column":8},"end":{"line":109,"column":19}},"38":{"start":{"line":113,"column":22},"end":{"line":132,"column":1}},"39":{"start":{"line":114,"column":4},"end":{"line":131,"column":5}},"40":{"start":{"line":115,"column":23},"end":{"line":115,"column":39}},"41":{"start":{"line":117,"column":8},"end":{"line":121,"column":9}},"42":{"start":{"line":118,"column":12},"end":{"line":120,"column":80}},"43":{"start":{"line":123,"column":8},"end":{"line":123,"column":44}},"44":{"start":{"line":125,"column":8},"end":{"line":128,"column":10}},"45":{"start":{"line":130,"column":8},"end":{"line":130,"column":19}}},"fnMap":{"0":{"name":"register","decl":{"start":{"line":8,"column":22},"end":{"line":8,"column":30}},"loc":{"start":{"line":8,"column":47},"end":{"line":47,"column":1}},"line":8},"1":{"name":"(anonymous_1)","decl":{"start":{"line":16,"column":34},"end":{"line":16,"column":35}},"loc":{"start":{"line":16,"column":46},"end":{"line":20,"column":13}},"line":16},"2":{"name":"(anonymous_2)","decl":{"start":{"line":49,"column":21},"end":{"line":49,"column":22}},"loc":{"start":{"line":49,"column":47},"end":{"line":79,"column":1}},"line":49},"3":{"name":"(anonymous_3)","decl":{"start":{"line":81,"column":23},"end":{"line":81,"column":24}},"loc":{"start":{"line":81,"column":49},"end":{"line":111,"column":1}},"line":81},"4":{"name":"(anonymous_4)","decl":{"start":{"line":113,"column":22},"end":{"line":113,"column":23}},"loc":{"start":{"line":113,"column":48},"end":{"line":132,"column":1}},"line":113}},"branchMap":{"0":{"loc":{"start":{"line":14,"column":8},"end":{"line":26,"column":9}},"type":"if","locations":[{"start":{"line":14,"column":8},"end":{"line":26,"column":9}},{"start":{},"end":{}}],"line":14},"1":{"loc":{"start":{"line":42,"column":8},"end":{"line":44,"column":9}},"type":"if","locations":[{"start":{"line":42,"column":8},"end":{"line":44,"column":9}},{"start":{},"end":{}}],"line":42},"2":{"loc":{"start":{"line":53,"column":8},"end":{"line":60,"column":9}},"type":"if","locations":[{"start":{"line":53,"column":8},"end":{"line":60,"column":9}},{"start":{},"end":{}}],"line":53},"3":{"loc":{"start":{"line":72,"column":8},"end":{"line":76,"column":9}},"type":"if","locations":[{"start":{"line":72,"column":8},"end":{"line":76,"column":9}},{"start":{},"end":{}}],"line":72},"4":{"loc":{"start":{"line":85,"column":8},"end":{"line":89,"column":9}},"type":"if","locations":[{"start":{"line":85,"column":8},"end":{"line":89,"column":9}},{"start":{},"end":{}}],"line":85},"5":{"loc":{"start":{"line":101,"column":8},"end":{"line":108,"column":9}},"type":"if","locations":[{"start":{"line":101,"column":8},"end":{"line":108,"column":9}},{"start":{},"end":{}}],"line":101},"6":{"loc":{"start":{"line":102,"column":12},"end":{"line":103,"column":45}},"type":"binary-expr","locations":[{"start":{"line":102,"column":12},"end":{"line":102,"column":45}},{"start":{"line":103,"column":12},"end":{"line":103,"column":45}}],"line":102},"7":{"loc":{"start":{"line":117,"column":8},"end":{"line":121,"column":9}},"type":"if","locations":[{"start":{"line":117,"column":8},"end":{"line":121,"column":9}},{"start":{},"end":{}}],"line":117}},"s":{"0":3,"1":3,"2":3,"3":1,"4":1,"5":1,"6":1,"7":1,"8":1,"9":2,"10":2,"11":1,"12":1,"13":1,"14":0,"15":1,"16":3,"17":3,"18":3,"19":1,"20":1,"21":2,"22":2,"23":1,"24":1,"25":1,"26":0,"27":1,"28":3,"29":3,"30":3,"31":1,"32":2,"33":2,"34":1,"35":1,"36":1,"37":0,"38":1,"39":2,"40":2,"41":2,"42":1,"43":1,"44":1,"45":0},"f":{"0":3,"1":1,"2":3,"3":3,"4":2},"b":{"0":[1,2],"1":[1,0],"2":[1,2],"3":[1,0],"4":[1,2],"5":[1,0],"6":[1,0],"7":[1,1]},"_coverageSchema":"1a1c01bbd47fc00a2c39e90264f33305004495a9","hash":"1ad329ddec0648941f78bf7cb0da426340b54b54"}
,"D:\\Codingan\\JavaScript\\ExpressJS\\backend-task-api\\src\\controllers\\task.controller.js": {"path":"D:\\Codingan\\JavaScript\\ExpressJS\\backend-task-api\\src\\controllers\\task.controller.js","statementMap":{"0":{"start":{"line":20,"column":4},"end":{"line":48,"column":5}},"1":{"start":{"line":22,"column":33},"end":{"line":22,"column":68}},"2":{"start":{"line":23,"column":8},"end":{"line":29,"column":9}},"3":{"start":{"line":24,"column":28},"end":{"line":24,"column":70}},"4":{"start":{"line":25,"column":12},"end":{"line":28,"column":14}},"5":{"start":{"line":31,"column":26},"end":{"line":31,"column":42}},"6":{"start":{"line":32,"column":24},"end":{"line":32,"column":65}},"7":{"start":{"line":34,"column":8},"end":{"line":38,"column":10}},"8":{"start":{"line":41,"column":8},"end":{"line":46,"column":9}},"9":{"start":{"line":42,"column":12},"end":{"line":45,"column":14}},"10":{"start":{"line":47,"column":8},"end":{"line":47,"column":19}},"11":{"start":{"line":56,"column":4},"end":{"line":68,"column":5}},"12":{"start":{"line":57,"column":44},"end":{"line":57,"column":53}},"13":{"start":{"line":58,"column":22},"end":{"line":58,"column":75}},"14":{"start":{"line":60,"column":8},"end":{"line":65,"column":10}},"15":{"start":{"line":67,"column":8},"end":{"line":67,"column":19}},"16":{"start":{"line":76,"column":4},"end":{"line":100,"column":5}},"17":{"start":{"line":77,"column":23},"end":{"line":77,"column":33}},"18":{"start":{"line":78,"column":21},"end":{"line":78,"column":49}},"19":{"start":{"line":80,"column":8},"end":{"line":85,"column":9}},"20":{"start":{"line":81,"column":12},"end":{"line":84,"column":14}},"21":{"start":{"line":87,"column":8},"end":{"line":91,"column":10}},"22":{"start":{"line":93,"column":8},"end":{"line":98,"column":9}},"23":{"start":{"line":94,"column":12},"end":{"line":97,"column":14}},"24":{"start":{"line":99,"column":8},"end":{"line":99,"column":19}},"25":{"start":{"line":109,"column":4},"end":{"line":145,"column":5}},"26":{"start":{"line":111,"column":33},"end":{"line":111,"column":68}},"27":{"start":{"line":112,"column":8},"end":{"line":118,"column":9}},"28":{"start":{"line":113,"column":28},"end":{"line":113,"column":70}},"29":{"start":{"line":114,"column":12},"end":{"line":117,"column":14}},"30":{"start":{"line":120,"column":23},"end":{"line":120,"column":33}},"31":{"start":{"line":121,"column":23},"end":{"line":121,"column":38}},"32":{"start":{"line":122,"column":25},"end":{"line":122,"column":38}},"33":{"start":{"line":124,"column":28},"end":{"line":124,"column":80}},"34":{"start":{"line":126,"column":8},"end":{"line":130,"column":10}},"35":{"start":{"line":132,"column":8},"end":{"line":137,"column":9}},"36":{"start":{"line":133,"column":12},"end":{"line":136,"column":14}},"37":{"start":{"line":138,"column":8},"end":{"line":143,"column":9}},"38":{"start":{"line":139,"column":12},"end":{"line":142,"column":14}},"39":{"start":{"line":144,"column":8},"end":{"line":144,"column":19}},"40":{"start":{"line":153,"column":4},"end":{"line":178,"column":5}},"41":{"start":{"line":154,"column":23},"end":{"line":154,"column":33}},"42":{"start":{"line":155,"column":33},"end":{"line":155,"column":41}},"43":{"start":{"line":157,"column":28},"end":{"line":157,"column":69}},"44":{"start":{"line":159,"column":8},"end":{"line":163,"column":10}},"45":{"start":{"line":165,"column":8},"end":{"line":170,"column":9}},"46":{"start":{"line":166,"column":12},"end":{"line":169,"column":14}},"47":{"start":{"line":171,"column":8},"end":{"line":176,"column":9}},"48":{"start":{"line":172,"column":12},"end":{"line":175,"column":14}},"49":{"start":{"line":177,"column":8},"end":{"line":177,"column":19}}},"fnMap":{"0":{"name":"createTask","decl":{"start":{"line":19,"column":22},"end":{"line":19,"column":32}},"loc":{"start":{"line":19,"column":49},"end":{"line":49,"column":1}},"line":19},"1":{"name":"getAllTasks","decl":{"start":{"line":55,"column":22},"end":{"line":55,"column":33}},"loc":{"start":{"line":55,"column":50},"end":{"line":69,"column":1}},"line":55},"2":{"name":"getTaskById","decl":{"start":{"line":75,"column":22},"end":{"line":75,"column":33}},"loc":{"start":{"line":75,"column":50},"end":{"line":101,"column":1}},"line":75},"3":{"name":"updateTask","decl":{"start":{"line":108,"column":22},"end":{"line":108,"column":32}},"loc":{"start":{"line":108,"column":49},"end":{"line":146,"column":1}},"line":108},"4":{"name":"deleteTask","decl":{"start":{"line":152,"column":22},"end":{"line":152,"column":32}},"loc":{"start":{"line":152,"column":49},"end":{"line":179,"column":1}},"line":152}},"branchMap":{"0":{"loc":{"start":{"line":23,"column":8},"end":{"line":29,"column":9}},"type":"if","locations":[{"start":{"line":23,"column":8},"end":{"line":29,"column":9}},{"start":{},"end":{}}],"line":23},"1":{"loc":{"start":{"line":41,"column":8},"end":{"line":46,"column":9}},"type":"if","locations":[{"start":{"line":41,"column":8},"end":{"line":46,"column":9}},{"start":{},"end":{}}],"line":41},"2":{"loc":{"start":{"line":80,"column":8},"end":{"line":85,"column":9}},"type":"if","locations":[{"start":{"line":80,"column":8},"end":{"line":85,"column":9}},{"start":{},"end":{}}],"line":80},"3":{"loc":{"start":{"line":93,"column":8},"end":{"line":98,"column":9}},"type":"if","locations":[{"start":{"line":93,"column":8},"end":{"line":98,"column":9}},{"start":{},"end":{}}],"line":93},"4":{"loc":{"start":{"line":112,"column":8},"end":{"line":118,"column":9}},"type":"if","locations":[{"start":{"line":112,"column":8},"end":{"line":118,"column":9}},{"start":{},"end":{}}],"line":112},"5":{"loc":{"start":{"line":132,"column":8},"end":{"line":137,"column":9}},"type":"if","locations":[{"start":{"line":132,"column":8},"end":{"line":137,"column":9}},{"start":{},"end":{}}],"line":132},"6":{"loc":{"start":{"line":138,"column":8},"end":{"line":143,"column":9}},"type":"if","locations":[{"start":{"line":138,"column":8},"end":{"line":143,"column":9}},{"start":{},"end":{}}],"line":138},"7":{"loc":{"start":{"line":165,"column":8},"end":{"line":170,"column":9}},"type":"if","locations":[{"start":{"line":165,"column":8},"end":{"line":170,"column":9}},{"start":{},"end":{}}],"line":165},"8":{"loc":{"start":{"line":171,"column":8},"end":{"line":176,"column":9}},"type":"if","locations":[{"start":{"line":171,"column":8},"end":{"line":176,"column":9}},{"start":{},"end":{}}],"line":171}},"s":{"0":3,"1":3,"2":3,"3":1,"4":1,"5":2,"6":2,"7":1,"8":1,"9":1,"10":0,"11":2,"12":2,"13":2,"14":1,"15":1,"16":3,"17":3,"18":3,"19":2,"20":1,"21":1,"22":1,"23":1,"24":0,"25":4,"26":4,"27":4,"28":1,"29":1,"30":3,"31":3,"32":3,"33":3,"34":1,"35":2,"36":1,"37":1,"38":1,"39":0,"40":3,"41":3,"42":3,"43":3,"44":1,"45":2,"46":1,"47":1,"48":1,"49":0},"f":{"0":3,"1":2,"2":3,"3":4,"4":3},"b":{"0":[1,2],"1":[1,0],"2":[1,1],"3":[1,0],"4":[1,3],"5":[1,1],"6":[1,0],"7":[1,1],"8":[1,0]},"_coverageSchema":"1a1c01bbd47fc00a2c39e90264f33305004495a9","hash":"a16401e434a84ad91b63c201dc0eaacd9b64ab92"}
,"D:\\Codingan\\JavaScript\\ExpressJS\\backend-task-api\\src\\controllers\\user.controller.js": {"path":"D:\\Codingan\\JavaScript\\ExpressJS\\backend-task-api\\src\\controllers\\user.controller.js","statementMap":{"0":{"start":{"line":8,"column":4},"end":{"line":18,"column":5}},"1":{"start":{"line":9,"column":22},"end":{"line":9,"column":41}},"2":{"start":{"line":10,"column":8},"end":{"line":15,"column":10}},"3":{"start":{"line":17,"column":8},"end":{"line":17,"column":19}},"4":{"start":{"line":22,"column":4},"end":{"line":32,"column":5}},"5":{"start":{"line":23,"column":23},"end":{"line":23,"column":33}},"6":{"start":{"line":24,"column":21},"end":{"line":24,"column":49}},"7":{"start":{"line":25,"column":8},"end":{"line":29,"column":10}},"8":{"start":{"line":31,"column":8},"end":{"line":31,"column":19}},"9":{"start":{"line":36,"column":4},"end":{"line":46,"column":5}},"10":{"start":{"line":37,"column":23},"end":{"line":37,"column":33}},"11":{"start":{"line":38,"column":24},"end":{"line":38,"column":44}},"12":{"start":{"line":39,"column":8},"end":{"line":43,"column":10}},"13":{"start":{"line":45,"column":8},"end":{"line":45,"column":19}}},"fnMap":{"0":{"name":"getAllUsersController","decl":{"start":{"line":7,"column":22},"end":{"line":7,"column":43}},"loc":{"start":{"line":7,"column":60},"end":{"line":19,"column":1}},"line":7},"1":{"name":"getUserByIdController","decl":{"start":{"line":21,"column":22},"end":{"line":21,"column":43}},"loc":{"start":{"line":21,"column":60},"end":{"line":33,"column":1}},"line":21},"2":{"name":"deleteUserController","decl":{"start":{"line":35,"column":22},"end":{"line":35,"column":42}},"loc":{"start":{"line":35,"column":59},"end":{"line":47,"column":1}},"line":35}},"branchMap":{},"s":{"0":2,"1":2,"2":1,"3":1,"4":2,"5":2,"6":2,"7":1,"8":1,"9":2,"10":2,"11":2,"12":1,"13":1},"f":{"0":2,"1":2,"2":2},"b":{},"_coverageSchema":"1a1c01bbd47fc00a2c39e90264f33305004495a9","hash":"c94995b530c82e0c66c3e561d4847a6133806e6f"}
,"D:\\Codingan\\JavaScript\\ExpressJS\\backend-task-api\\src\\errors\\constum.error.js": {"path":"D:\\Codingan\\JavaScript\\ExpressJS\\backend-task-api\\src\\errors\\constum.error.js","statementMap":{"0":{"start":{"line":3,"column":8},"end":{"line":3,"column":22}},"1":{"start":{"line":4,"column":8},"end":{"line":4,"column":37}},"2":{"start":{"line":5,"column":8},"end":{"line":5,"column":29}},"3":{"start":{"line":11,"column":8},"end":{"line":11,"column":22}},"4":{"start":{"line":12,"column":8},"end":{"line":12,"column":35}},"5":{"start":{"line":13,"column":8},"end":{"line":13,"column":29}},"6":{"start":{"line":19,"column":8},"end":{"line":19,"column":22}},"7":{"start":{"line":20,"column":8},"end":{"line":20,"column":36}},"8":{"start":{"line":21,"column":8},"end":{"line":21,"column":29}}},"fnMap":{"0":{"name":"(anonymous_0)","decl":{"start":{"line":2,"column":4},"end":{"line":2,"column":5}},"loc":{"start":{"line":2,"column":25},"end":{"line":6,"column":5}},"line":2},"1":{"name":"(anonymous_1)","decl":{"start":{"line":10,"column":4},"end":{"line":10,"column":5}},"loc":{"start":{"line":10,"column":25},"end":{"line":14,"column":5}},"line":10},"2":{"name":"(anonymous_2)","decl":{"start":{"line":18,"column":4},"end":{"line":18,"column":5}},"loc":{"start":{"line":18,"column":25},"end":{"line":22,"column":5}},"line":18}},"branchMap":{},"s":{"0":3,"1":3,"2":3,"3":12,"4":12,"5":12,"6":10,"7":10,"8":10},"f":{"0":3,"1":12,"2":10},"b":{},"_coverageSchema":"1a1c01bbd47fc00a2c39e90264f33305004495a9","hash":"f5efe0c8363111ee9b34195a837fe9d4d1f5c3bc"}
,"D:\\Codingan\\JavaScript\\ExpressJS\\backend-task-api\\src\\middlewares\\auth.middleware.js": {"path":"D:\\Codingan\\JavaScript\\ExpressJS\\backend-task-api\\src\\middlewares\\auth.middleware.js","statementMap":{"0":{"start":{"line":4,"column":19},"end":{"line":4,"column":48}},"1":{"start":{"line":6,"column":33},"end":{"line":45,"column":1}},"2":{"start":{"line":7,"column":23},"end":{"line":7,"column":51}},"3":{"start":{"line":8,"column":18},"end":{"line":8,"column":56}},"4":{"start":{"line":10,"column":4},"end":{"line":15,"column":5}},"5":{"start":{"line":11,"column":8},"end":{"line":14,"column":10}},"6":{"start":{"line":17,"column":4},"end":{"line":44,"column":5}},"7":{"start":{"line":18,"column":24},"end":{"line":18,"column":53}},"8":{"start":{"line":20,"column":32},"end":{"line":22,"column":10}},"9":{"start":{"line":24,"column":8},"end":{"line":29,"column":9}},"10":{"start":{"line":25,"column":12},"end":{"line":28,"column":14}},"11":{"start":{"line":31,"column":8},"end":{"line":31,"column":26}},"12":{"start":{"line":32,"column":8},"end":{"line":32,"column":14}},"13":{"start":{"line":34,"column":8},"end":{"line":42,"column":9}},"14":{"start":{"line":38,"column":12},"end":{"line":41,"column":14}},"15":{"start":{"line":43,"column":8},"end":{"line":43,"column":19}}},"fnMap":{"0":{"name":"(anonymous_0)","decl":{"start":{"line":6,"column":33},"end":{"line":6,"column":34}},"loc":{"start":{"line":6,"column":59},"end":{"line":45,"column":1}},"line":6}},"branchMap":{"0":{"loc":{"start":{"line":8,"column":18},"end":{"line":8,"column":56}},"type":"binary-expr","locations":[{"start":{"line":8,"column":18},"end":{"line":8,"column":28}},{"start":{"line":8,"column":32},"end":{"line":8,"column":56}}],"line":8},"1":{"loc":{"start":{"line":10,"column":4},"end":{"line":15,"column":5}},"type":"if","locations":[{"start":{"line":10,"column":4},"end":{"line":15,"column":5}},{"start":{},"end":{}}],"line":10},"2":{"loc":{"start":{"line":24,"column":8},"end":{"line":29,"column":9}},"type":"if","locations":[{"start":{"line":24,"column":8},"end":{"line":29,"column":9}},{"start":{},"end":{}}],"line":24},"3":{"loc":{"start":{"line":34,"column":8},"end":{"line":42,"column":9}},"type":"if","locations":[{"start":{"line":34,"column":8},"end":{"line":42,"column":9}},{"start":{},"end":{}}],"line":34},"4":{"loc":{"start":{"line":35,"column":12},"end":{"line":36,"column":46}},"type":"binary-expr","locations":[{"start":{"line":35,"column":12},"end":{"line":35,"column":46}},{"start":{"line":36,"column":12},"end":{"line":36,"column":46}}],"line":35}},"s":{"0":1,"1":1,"2":6,"3":6,"4":6,"5":1,"6":5,"7":5,"8":2,"9":2,"10":1,"11":1,"12":1,"13":3,"14":2,"15":1},"f":{"0":6},"b":{"0":[6,5],"1":[1,5],"2":[1,1],"3":[2,1],"4":[3,2]},"_coverageSchema":"1a1c01bbd47fc00a2c39e90264f33305004495a9","hash":"bb281ad0f3f3a80284b8210db2c7e785b78c5a14"}
,"D:\\Codingan\\JavaScript\\ExpressJS\\backend-task-api\\src\\middlewares\\error.handler.js": {"path":"D:\\Codingan\\JavaScript\\ExpressJS\\backend-task-api\\src\\middlewares\\error.handler.js","statementMap":{"0":{"start":{"line":2,"column":23},"end":{"line":2,"column":58}},"1":{"start":{"line":3,"column":20},"end":{"line":3,"column":58}},"2":{"start":{"line":5,"column":4},"end":{"line":7,"column":5}},"3":{"start":{"line":6,"column":8},"end":{"line":6,"column":51}},"4":{"start":{"line":9,"column":4},"end":{"line":13,"column":6}}},"fnMap":{"0":{"name":"errorHandler","decl":{"start":{"line":1,"column":16},"end":{"line":1,"column":28}},"loc":{"start":{"line":1,"column":50},"end":{"line":14,"column":1}},"line":1}},"branchMap":{"0":{"loc":{"start":{"line":2,"column":23},"end":{"line":2,"column":58}},"type":"binary-expr","locations":[{"start":{"line":2,"column":23},"end":{"line":2,"column":37}},{"start":{"line":2,"column":41},"end":{"line":2,"column":51}},{"start":{"line":2,"column":55},"end":{"line":2,"column":58}}],"line":2},"1":{"loc":{"start":{"line":3,"column":20},"end":{"line":3,"column":58}},"type":"binary-expr","locations":[{"start":{"line":3,"column":20},"end":{"line":3,"column":31}},{"start":{"line":3,"column":35},"end":{"line":3,"column":58}}],"line":3},"2":{"loc":{"start":{"line":5,"column":4},"end":{"line":7,"column":5}},"type":"if","locations":[{"start":{"line":5,"column":4},"end":{"line":7,"column":5}},{"start":{},"end":{}}],"line":5},"3":{"loc":{"start":{"line":12,"column":12},"end":{"line":12,"column":74}},"type":"binary-expr","locations":[{"start":{"line":12,"column":12},"end":{"line":12,"column":50}},{"start":{"line":12,"column":54},"end":{"line":12,"column":74}}],"line":12}},"s":{"0":5,"1":5,"2":5,"3":4,"4":5},"f":{"0":5},"b":{"0":[5,4,3],"1":[5,0],"2":[4,1],"3":[5,1]},"_coverageSchema":"1a1c01bbd47fc00a2c39e90264f33305004495a9","hash":"042e2abcdaaf1c6c213c4e8a83a7aebda54ec9f1"}
,"D:\\Codingan\\JavaScript\\ExpressJS\\backend-task-api\\src\\middlewares\\rate.limiter.js": {"path":"D:\\Codingan\\JavaScript\\ExpressJS\\backend-task-api\\src\\middlewares\\rate.limiter.js","statementMap":{"0":{"start":{"line":3,"column":20},"end":{"line":7,"column":2}}},"fnMap":{},"branchMap":{},"s":{"0":2},"f":{},"b":{},"_coverageSchema":"1a1c01bbd47fc00a2c39e90264f33305004495a9","hash":"b4bb6ee086e6447c3cb0b2d15ac45572654a3f44"}
,"D:\\Codingan\\JavaScript\\ExpressJS\\backend-task-api\\src\\middlewares\\rbac.middleware.js": {"path":"D:\\Codingan\\JavaScript\\ExpressJS\\backend-task-api\\src\\middlewares\\rbac.middleware.js","statementMap":{"0":{"start":{"line":1,"column":30},"end":{"line":16,"column":1}},"1":{"start":{"line":2,"column":4},"end":{"line":15,"column":5}},"2":{"start":{"line":3,"column":8},"end":{"line":5,"column":9}},"3":{"start":{"line":4,"column":12},"end":{"line":4,"column":69}},"4":{"start":{"line":7,"column":25},"end":{"line":7,"column":38}},"5":{"start":{"line":8,"column":8},"end":{"line":12,"column":9}},"6":{"start":{"line":9,"column":12},"end":{"line":11,"column":14}},"7":{"start":{"line":14,"column":8},"end":{"line":14,"column":14}}},"fnMap":{"0":{"name":"(anonymous_0)","decl":{"start":{"line":1,"column":30},"end":{"line":1,"column":31}},"loc":{"start":{"line":1,"column":51},"end":{"line":16,"column":1}},"line":1},"1":{"name":"(anonymous_1)","decl":{"start":{"line":2,"column":11},"end":{"line":2,"column":12}},"loc":{"start":{"line":2,"column":31},"end":{"line":15,"column":5}},"line":2}},"branchMap":{"0":{"loc":{"start":{"line":3,"column":8},"end":{"line":5,"column":9}},"type":"if","locations":[{"start":{"line":3,"column":8},"end":{"line":5,"column":9}},{"start":{},"end":{}}],"line":3},"1":{"loc":{"start":{"line":3,"column":12},"end":{"line":3,"column":39}},"type":"binary-expr","locations":[{"start":{"line":3,"column":12},"end":{"line":3,"column":21}},{"start":{"line":3,"column":25},"end":{"line":3,"column":39}}],"line":3},"2":{"loc":{"start":{"line":8,"column":8},"end":{"line":12,"column":9}},"type":"if","locations":[{"start":{"line":8,"column":8},"end":{"line":12,"column":9}},{"start":{},"end":{}}],"line":8}},"s":{"0":1,"1":5,"2":5,"3":2,"4":3,"5":3,"6":1,"7":2},"f":{"0":5,"1":5},"b":{"0":[2,3],"1":[5,4],"2":[1,2]},"_coverageSchema":"1a1c01bbd47fc00a2c39e90264f33305004495a9","hash":"523f0b6e750c63eaa00529b06e0edd29a150993b"}
,"D:\\Codingan\\JavaScript\\ExpressJS\\backend-task-api\\src\\middlewares\\upload.middleware.js": {"path":"D:\\Codingan\\JavaScript\\ExpressJS\\backend-task-api\\src\\middlewares\\upload.middleware.js","statementMap":{"0":{"start":{"line":3,"column":20},"end":{"line":3,"column":21}},"1":{"start":{"line":4,"column":23},"end":{"line":4,"column":48}},"2":{"start":{"line":6,"column":25},"end":{"line":13,"column":1}},"3":{"start":{"line":15,"column":16},"end":{"line":15,"column":38}},"4":{"start":{"line":17,"column":22},"end":{"line":51,"column":2}},"5":{"start":{"line":21,"column":8},"end":{"line":48,"column":9}},"6":{"start":{"line":22,"column":12},"end":{"line":47,"column":13}},"7":{"start":{"line":27,"column":42},"end":{"line":27,"column":57}},"8":{"start":{"line":28,"column":28},"end":{"line":41,"column":29}},"9":{"start":{"line":29,"column":32},"end":{"line":29,"column":77}},"10":{"start":{"line":30,"column":35},"end":{"line":41,"column":29}},"11":{"start":{"line":31,"column":32},"end":{"line":40,"column":33}},"12":{"start":{"line":33,"column":40},"end":{"line":33,"column":52}},"13":{"start":{"line":35,"column":40},"end":{"line":35,"column":52}},"14":{"start":{"line":37,"column":40},"end":{"line":37,"column":53}},"15":{"start":{"line":39,"column":40},"end":{"line":39,"column":55}},"16":{"start":{"line":42,"column":28},"end":{"line":42,"column":43}},"17":{"start":{"line":49,"column":8},"end":{"line":49,"column":22}}},"fnMap":{"0":{"name":"(anonymous_0)","decl":{"start":{"line":20,"column":16},"end":{"line":20,"column":17}},"loc":{"start":{"line":20,"column":35},"end":{"line":50,"column":5}},"line":20},"1":{"name":"(anonymous_1)","decl":{"start":{"line":25,"column":29},"end":{"line":25,"column":30}},"loc":{"start":{"line":25,"column":39},"end":{"line":43,"column":25}},"line":25}},"branchMap":{"0":{"loc":{"start":{"line":21,"column":8},"end":{"line":48,"column":9}},"type":"if","locations":[{"start":{"line":21,"column":8},"end":{"line":48,"column":9}},{"start":{},"end":{}}],"line":21},"1":{"loc":{"start":{"line":28,"column":28},"end":{"line":41,"column":29}},"type":"if","locations":[{"start":{"line":28,"column":28},"end":{"line":41,"column":29}},{"start":{"line":30,"column":35},"end":{"line":41,"column":29}}],"line":28},"2":{"loc":{"start":{"line":29,"column":39},"end":{"line":29,"column":77}},"type":"cond-expr","locations":[{"start":{"line":29,"column":61},"end":{"line":29,"column":66}},{"start":{"line":29,"column":69},"end":{"line":29,"column":77}}],"line":29},"3":{"loc":{"start":{"line":30,"column":35},"end":{"line":41,"column":29}},"type":"if","locations":[{"start":{"line":30,"column":35},"end":{"line":41,"column":29}},{"start":{},"end":{}}],"line":30},"4":{"loc":{"start":{"line":31,"column":32},"end":{"line":40,"column":33}},"type":"switch","locations":[{"start":{"line":32,"column":36},"end":{"line":33,"column":52}},{"start":{"line":34,"column":36},"end":{"line":35,"column":52}},{"start":{"line":36,"column":36},"end":{"line":37,"column":53}},{"start":{"line":38,"column":36},"end":{"line":39,"column":55}}],"line":31}},"s":{"0":1,"1":1,"2":1,"3":1,"4":1,"5":3,"6":2,"7":12,"8":12,"9":6,"10":6,"11":6,"12":2,"13":2,"14":2,"15":0,"16":0,"17":1},"f":{"0":3,"1":12},"b":{"0":[2,1],"1":[6,6],"2":[2,4],"3":[6,0],"4":[2,2,2,0]},"_coverageSchema":"1a1c01bbd47fc00a2c39e90264f33305004495a9","hash":"c35663b765a93fc1ea5d0b0ab11c9429abc796a4"}
,"D:\\Codingan\\JavaScript\\ExpressJS\\backend-task-api\\src\\repositories\\attachment.repository.js": {"path":"D:\\Codingan\\JavaScript\\ExpressJS\\backend-task-api\\src\\repositories\\attachment.repository.js","statementMap":{"0":{"start":{"line":4,"column":4},"end":{"line":16,"column":6}},"1":{"start":{"line":20,"column":4},"end":{"line":24,"column":6}},"2":{"start":{"line":28,"column":4},"end":{"line":40,"column":6}},"3":{"start":{"line":44,"column":4},"end":{"line":46,"column":6}}},"fnMap":{"0":{"name":"createAttachment","decl":{"start":{"line":3,"column":22},"end":{"line":3,"column":38}},"loc":{"start":{"line":3,"column":55},"end":{"line":17,"column":1}},"line":3},"1":{"name":"deleteAttachment","decl":{"start":{"line":19,"column":22},"end":{"line":19,"column":38}},"loc":{"start":{"line":19,"column":53},"end":{"line":25,"column":1}},"line":19},"2":{"name":"getAttachmentById","decl":{"start":{"line":27,"column":22},"end":{"line":27,"column":39}},"loc":{"start":{"line":27,"column":44},"end":{"line":41,"column":1}},"line":27},"3":{"name":"getAttachmentsByTaskId","decl":{"start":{"line":43,"column":22},"end":{"line":43,"column":44}},"loc":{"start":{"line":43,"column":53},"end":{"line":47,"column":1}},"line":43}},"branchMap":{},"s":{"0":1,"1":1,"2":1,"3":1},"f":{"0":1,"1":1,"2":1,"3":1},"b":{},"_coverageSchema":"1a1c01bbd47fc00a2c39e90264f33305004495a9","hash":"a1627202d2a805ba92eddf1fa0312c417bec2cd6"}
,"D:\\Codingan\\JavaScript\\ExpressJS\\backend-task-api\\src\\repositories\\auth.repository.js": {"path":"D:\\Codingan\\JavaScript\\ExpressJS\\backend-task-api\\src\\repositories\\auth.repository.js","statementMap":{"0":{"start":{"line":4,"column":4},"end":{"line":6,"column":6}},"1":{"start":{"line":10,"column":4},"end":{"line":10,"column":61}}},"fnMap":{"0":{"name":"createUser","decl":{"start":{"line":3,"column":22},"end":{"line":3,"column":32}},"loc":{"start":{"line":3,"column":66},"end":{"line":7,"column":1}},"line":3},"1":{"name":"findUserByEmail","decl":{"start":{"line":9,"column":22},"end":{"line":9,"column":37}},"loc":{"start":{"line":9,"column":45},"end":{"line":11,"column":1}},"line":9}},"branchMap":{},"s":{"0":1,"1":2},"f":{"0":1,"1":2},"b":{},"_coverageSchema":"1a1c01bbd47fc00a2c39e90264f33305004495a9","hash":"f2c2d43e147c1e248104824bcfe18304a55a8892"}
,"D:\\Codingan\\JavaScript\\ExpressJS\\backend-task-api\\src\\repositories\\refreshToken.repository.js": {"path":"D:\\Codingan\\JavaScript\\ExpressJS\\backend-task-api\\src\\repositories\\refreshToken.repository.js","statementMap":{"0":{"start":{"line":4,"column":4},"end":{"line":10,"column":6}},"1":{"start":{"line":14,"column":4},"end":{"line":16,"column":6}},"2":{"start":{"line":20,"column":4},"end":{"line":22,"column":6}},"3":{"start":{"line":26,"column":4},"end":{"line":28,"column":6}}},"fnMap":{"0":{"name":"createRefreshToken","decl":{"start":{"line":3,"column":22},"end":{"line":3,"column":40}},"loc":{"start":{"line":3,"column":67},"end":{"line":11,"column":1}},"line":3},"1":{"name":"findRefreshToken","decl":{"start":{"line":13,"column":22},"end":{"line":13,"column":38}},"loc":{"start":{"line":13,"column":46},"end":{"line":17,"column":1}},"line":13},"2":{"name":"deleteRefreshToken","decl":{"start":{"line":19,"column":22},"end":{"line":19,"column":40}},"loc":{"start":{"line":19,"column":48},"end":{"line":23,"column":1}},"line":19},"3":{"name":"deleteRefreshTokensByUserId","decl":{"start":{"line":25,"column":22},"end":{"line":25,"column":49}},"loc":{"start":{"line":25,"column":58},"end":{"line":29,"column":1}},"line":25}},"branchMap":{},"s":{"0":1,"1":1,"2":1,"3":1},"f":{"0":1,"1":1,"2":1,"3":1},"b":{},"_coverageSchema":"1a1c01bbd47fc00a2c39e90264f33305004495a9","hash":"7fc891eb4a7c9a1aa850617ef09fc0d5e67d6b34"}
,"D:\\Codingan\\JavaScript\\ExpressJS\\backend-task-api\\src\\repositories\\task.repository.js": {"path":"D:\\Codingan\\JavaScript\\ExpressJS\\backend-task-api\\src\\repositories\\task.repository.js","statementMap":{"0":{"start":{"line":4,"column":17},"end":{"line":20,"column":6}},"1":{"start":{"line":22,"column":4},"end":{"line":26,"column":5}},"2":{"start":{"line":30,"column":46},"end":{"line":30,"column":53}},"3":{"start":{"line":32,"column":24},"end":{"line":32,"column":45}},"4":{"start":{"line":33,"column":23},"end":{"line":33,"column":42}},"5":{"start":{"line":34,"column":17},"end":{"line":34,"column":47}},"6":{"start":{"line":36,"column":18},"end":{"line":36,"column":20}},"7":{"start":{"line":38,"column":4},"end":{"line":40,"column":5}},"8":{"start":{"line":39,"column":8},"end":{"line":39,"column":43}},"9":{"start":{"line":41,"column":4},"end":{"line":43,"column":5}},"10":{"start":{"line":42,"column":8},"end":{"line":42,"column":47}},"11":{"start":{"line":44,"column":4},"end":{"line":46,"column":5}},"12":{"start":{"line":45,"column":8},"end":{"line":45,"column":59}},"13":{"start":{"line":47,"column":4},"end":{"line":49,"column":5}},"14":{"start":{"line":48,"column":8},"end":{"line":48,"column":57}},"15":{"start":{"line":50,"column":4},"end":{"line":54,"column":5}},"16":{"start":{"line":51,"column":8},"end":{"line":53,"column":9}},"17":{"start":{"line":55,"column":4},"end":{"line":59,"column":5}},"18":{"start":{"line":56,"column":8},"end":{"line":58,"column":9}},"19":{"start":{"line":61,"column":4},"end":{"line":91,"column":6}},"20":{"start":{"line":95,"column":4},"end":{"line":115,"column":6}},"21":{"start":{"line":119,"column":4},"end":{"line":124,"column":6}},"22":{"start":{"line":128,"column":4},"end":{"line":132,"column":6}},"23":{"start":{"line":136,"column":4},"end":{"line":139,"column":6}}},"fnMap":{"0":{"name":"createTask","decl":{"start":{"line":3,"column":22},"end":{"line":3,"column":32}},"loc":{"start":{"line":3,"column":43},"end":{"line":27,"column":1}},"line":3},"1":{"name":"getAllTasks","decl":{"start":{"line":29,"column":22},"end":{"line":29,"column":33}},"loc":{"start":{"line":29,"column":43},"end":{"line":92,"column":1}},"line":29},"2":{"name":"getTaskById","decl":{"start":{"line":94,"column":22},"end":{"line":94,"column":33}},"loc":{"start":{"line":94,"column":42},"end":{"line":116,"column":1}},"line":94},"3":{"name":"updateTask","decl":{"start":{"line":118,"column":22},"end":{"line":118,"column":32}},"loc":{"start":{"line":118,"column":51},"end":{"line":125,"column":1}},"line":118},"4":{"name":"deleteTask","decl":{"start":{"line":127,"column":22},"end":{"line":127,"column":32}},"loc":{"start":{"line":127,"column":41},"end":{"line":133,"column":1}},"line":127},"5":{"name":"updateTaskStatus","decl":{"start":{"line":135,"column":22},"end":{"line":135,"column":38}},"loc":{"start":{"line":135,"column":58},"end":{"line":140,"column":1}},"line":135}},"branchMap":{"0":{"loc":{"start":{"line":32,"column":24},"end":{"line":32,"column":45}},"type":"binary-expr","locations":[{"start":{"line":32,"column":24},"end":{"line":32,"column":39}},{"start":{"line":32,"column":43},"end":{"line":32,"column":45}}],"line":32},"1":{"loc":{"start":{"line":33,"column":23},"end":{"line":33,"column":42}},"type":"binary-expr","locations":[{"start":{"line":33,"column":23},"end":{"line":33,"column":37}},{"start":{"line":33,"column":41},"end":{"line":33,"column":42}}],"line":33},"2":{"loc":{"start":{"line":38,"column":4},"end":{"line":40,"column":5}},"type":"if","locations":[{"start":{"line":38,"column":4},"end":{"line":40,"column":5}},{"start":{},"end":{}}],"line":38},"3":{"loc":{"start":{"line":41,"column":4},"end":{"line":43,"column":5}},"type":"if","locations":[{"start":{"line":41,"column":4},"end":{"line":43,"column":5}},{"start":{},"end":{}}],"line":41},"4":{"loc":{"start":{"line":44,"column":4},"end":{"line":46,"column":5}},"type":"if","locations":[{"start":{"line":44,"column":4},"end":{"line":46,"column":5}},{"start":{},"end":{}}],"line":44},"5":{"loc":{"start":{"line":47,"column":4},"end":{"line":49,"column":5}},"type":"if","locations":[{"start":{"line":47,"column":4},"end":{"line":49,"column":5}},{"start":{},"end":{}}],"line":47},"6":{"loc":{"start":{"line":50,"column":4},"end":{"line":54,"column":5}},"type":"if","locations":[{"start":{"line":50,"column":4},"end":{"line":54,"column":5}},{"start":{},"end":{}}],"line":50},"7":{"loc":{"start":{"line":55,"column":4},"end":{"line":59,"column":5}},"type":"if","locations":[{"start":{"line":55,"column":4},"end":{"line":59,"column":5}},{"start":{},"end":{}}],"line":55}},"s":{"0":2,"1":2,"2":2,"3":2,"4":2,"5":2,"6":2,"7":2,"8":0,"9":2,"10":0,"11":2,"12":0,"13":2,"14":0,"15":2,"16":0,"17":2,"18":0,"19":2,"20":2,"21":2,"22":2,"23":2},"f":{"0":2,"1":2,"2":2,"3":2,"4":2,"5":2},"b":{"0":[2,0],"1":[2,0],"2":[0,2],"3":[0,2],"4":[0,2],"5":[0,2],"6":[0,2],"7":[0,2]},"_coverageSchema":"1a1c01bbd47fc00a2c39e90264f33305004495a9","hash":"82ae19d71979dc8b9c80bcf6bc248d69ac9a026d"}
,"D:\\Codingan\\JavaScript\\ExpressJS\\backend-task-api\\src\\services\\attachment.service.js": {"path":"D:\\Codingan\\JavaScript\\ExpressJS\\backend-task-api\\src\\services\\attachment.service.js","statementMap":{"0":{"start":{"line":17,"column":4},"end":{"line":83,"column":6}},"1":{"start":{"line":18,"column":21},"end":{"line":24,"column":10}},"2":{"start":{"line":26,"column":8},"end":{"line":26,"column":61}},"3":{"start":{"line":26,"column":19},"end":{"line":26,"column":61}},"4":{"start":{"line":28,"column":8},"end":{"line":32,"column":9}},"5":{"start":{"line":29,"column":12},"end":{"line":31,"column":13}},"6":{"start":{"line":34,"column":8},"end":{"line":38,"column":9}},"7":{"start":{"line":35,"column":12},"end":{"line":37,"column":13}},"8":{"start":{"line":40,"column":28},"end":{"line":40,"column":70}},"9":{"start":{"line":41,"column":29},"end":{"line":41,"column":69}},"10":{"start":{"line":42,"column":28},"end":{"line":42,"column":79}},"11":{"start":{"line":43,"column":29},"end":{"line":46,"column":10}},"12":{"start":{"line":47,"column":26},"end":{"line":47,"column":36}},"13":{"start":{"line":48,"column":25},"end":{"line":48,"column":97}},"14":{"start":{"line":50,"column":21},"end":{"line":53,"column":10}},"15":{"start":{"line":55,"column":30},"end":{"line":62,"column":10}},"16":{"start":{"line":64,"column":24},"end":{"line":64,"column":35}},"17":{"start":{"line":65,"column":8},"end":{"line":66,"column":66}},"18":{"start":{"line":65,"column":36},"end":{"line":65,"column":61}},"19":{"start":{"line":66,"column":13},"end":{"line":66,"column":66}},"20":{"start":{"line":66,"column":48},"end":{"line":66,"column":66}},"21":{"start":{"line":68,"column":8},"end":{"line":73,"column":9}},"22":{"start":{"line":69,"column":12},"end":{"line":72,"column":14}},"23":{"start":{"line":75,"column":8},"end":{"line":82,"column":9}},"24":{"start":{"line":87,"column":4},"end":{"line":156,"column":6}},"25":{"start":{"line":88,"column":27},"end":{"line":98,"column":10}},"26":{"start":{"line":100,"column":8},"end":{"line":100,"column":73}},"27":{"start":{"line":100,"column":25},"end":{"line":100,"column":73}},"28":{"start":{"line":102,"column":21},"end":{"line":102,"column":36}},"29":{"start":{"line":103,"column":8},"end":{"line":103,"column":61}},"30":{"start":{"line":103,"column":19},"end":{"line":103,"column":61}},"31":{"start":{"line":106,"column":12},"end":{"line":108,"column":32}},"32":{"start":{"line":110,"column":8},"end":{"line":113,"column":13}},"33":{"start":{"line":111,"column":12},"end":{"line":113,"column":13}},"34":{"start":{"line":116,"column":8},"end":{"line":120,"column":9}},"35":{"start":{"line":117,"column":12},"end":{"line":119,"column":13}},"36":{"start":{"line":123,"column":8},"end":{"line":125,"column":10}},"37":{"start":{"line":128,"column":8},"end":{"line":128,"column":67}},"38":{"start":{"line":130,"column":26},"end":{"line":133,"column":10}},"39":{"start":{"line":135,"column":24},"end":{"line":135,"column":35}},"40":{"start":{"line":136,"column":8},"end":{"line":139,"column":9}},"41":{"start":{"line":137,"column":12},"end":{"line":138,"column":70}},"42":{"start":{"line":137,"column":40},"end":{"line":137,"column":58}},"43":{"start":{"line":138,"column":17},"end":{"line":138,"column":70}},"44":{"start":{"line":138,"column":45},"end":{"line":138,"column":70}},"45":{"start":{"line":141,"column":8},"end":{"line":146,"column":9}},"46":{"start":{"line":142,"column":12},"end":{"line":145,"column":14}},"47":{"start":{"line":148,"column":8},"end":{"line":155,"column":9}}},"fnMap":{"0":{"name":"uploadFile","decl":{"start":{"line":16,"column":22},"end":{"line":16,"column":32}},"loc":{"start":{"line":16,"column":55},"end":{"line":84,"column":1}},"line":16},"1":{"name":"(anonymous_1)","decl":{"start":{"line":17,"column":37},"end":{"line":17,"column":38}},"loc":{"start":{"line":17,"column":51},"end":{"line":83,"column":5}},"line":17},"2":{"name":"deleteAttachmentService","decl":{"start":{"line":86,"column":22},"end":{"line":86,"column":45}},"loc":{"start":{"line":86,"column":78},"end":{"line":157,"column":1}},"line":86},"3":{"name":"(anonymous_3)","decl":{"start":{"line":87,"column":37},"end":{"line":87,"column":38}},"loc":{"start":{"line":87,"column":51},"end":{"line":156,"column":5}},"line":87}},"branchMap":{"0":{"loc":{"start":{"line":26,"column":8},"end":{"line":26,"column":61}},"type":"if","locations":[{"start":{"line":26,"column":8},"end":{"line":26,"column":61}},{"start":{},"end":{}}],"line":26},"1":{"loc":{"start":{"line":28,"column":8},"end":{"line":32,"column":9}},"type":"if","locations":[{"start":{"line":28,"column":8},"end":{"line":32,"column":9}},{"start":{},"end":{}}],"line":28},"2":{"loc":{"start":{"line":34,"column":8},"end":{"line":38,"column":9}},"type":"if","locations":[{"start":{"line":34,"column":8},"end":{"line":38,"column":9}},{"start":{},"end":{}}],"line":34},"3":{"loc":{"start":{"line":40,"column":28},"end":{"line":40,"column":70}},"type":"binary-expr","locations":[{"start":{"line":40,"column":28},"end":{"line":40,"column":49}},{"start":{"line":40,"column":53},"end":{"line":40,"column":70}}],"line":40},"4":{"loc":{"start":{"line":41,"column":29},"end":{"line":41,"column":69}},"type":"binary-expr","locations":[{"start":{"line":41,"column":29},"end":{"line":41,"column":51}},{"start":{"line":41,"column":55},"end":{"line":41,"column":69}}],"line":41},"5":{"loc":{"start":{"line":65,"column":8},"end":{"line":66,"column":66}},"type":"if","locations":[{"start":{"line":65,"column":8},"end":{"line":66,"column":66}},{"start":{"line":66,"column":13},"end":{"line":66,"column":66}}],"line":65},"6":{"loc":{"start":{"line":66,"column":13},"end":{"line":66,"column":66}},"type":"if","locations":[{"start":{"line":66,"column":13},"end":{"line":66,"column":66}},{"start":{},"end":{}}],"line":66},"7":{"loc":{"start":{"line":68,"column":8},"end":{"line":73,"column":9}},"type":"if","locations":[{"start":{"line":68,"column":8},"end":{"line":73,"column":9}},{"start":{},"end":{}}],"line":68},"8":{"loc":{"start":{"line":100,"column":8},"end":{"line":100,"column":73}},"type":"if","locations":[{"start":{"line":100,"column":8},"end":{"line":100,"column":73}},{"start":{},"end":{}}],"line":100},"9":{"loc":{"start":{"line":103,"column":8},"end":{"line":103,"column":61}},"type":"if","locations":[{"start":{"line":103,"column":8},"end":{"line":103,"column":61}},{"start":{},"end":{}}],"line":103},"10":{"loc":{"start":{"line":106,"column":12},"end":{"line":108,"column":32}},"type":"binary-expr","locations":[{"start":{"line":106,"column":12},"end":{"line":106,"column":42}},{"start":{"line":107,"column":12},"end":{"line":107,"column":41}},{"start":{"line":108,"column":12},"end":{"line":108,"column":32}}],"line":106},"11":{"loc":{"start":{"line":110,"column":8},"end":{"line":113,"column":13}},"type":"if","locations":[{"start":{"line":110,"column":8},"end":{"line":113,"column":13}},{"start":{},"end":{}}],"line":110},"12":{"loc":{"start":{"line":116,"column":8},"end":{"line":120,"column":9}},"type":"if","locations":[{"start":{"line":116,"column":8},"end":{"line":120,"column":9}},{"start":{},"end":{}}],"line":116},"13":{"loc":{"start":{"line":116,"column":12},"end":{"line":116,"column":58}},"type":"binary-expr","locations":[{"start":{"line":116,"column":12},"end":{"line":116,"column":34}},{"start":{"line":116,"column":38},"end":{"line":116,"column":58}}],"line":116},"14":{"loc":{"start":{"line":136,"column":8},"end":{"line":139,"column":9}},"type":"if","locations":[{"start":{"line":136,"column":8},"end":{"line":139,"column":9}},{"start":{},"end":{}}],"line":136},"15":{"loc":{"start":{"line":136,"column":12},"end":{"line":136,"column":58}},"type":"binary-expr","locations":[{"start":{"line":136,"column":12},"end":{"line":136,"column":32}},{"start":{"line":136,"column":36},"end":{"line":136,"column":58}}],"line":136},"16":{"loc":{"start":{"line":137,"column":12},"end":{"line":138,"column":70}},"type":"if","locations":[{"start":{"line":137,"column":12},"end":{"line":138,"column":70}},{"start":{"line":138,"column":17},"end":{"line":138,"column":70}}],"line":137},"17":{"loc":{"start":{"line":138,"column":17},"end":{"line":138,"column":70}},"type":"if","locations":[{"start":{"line":138,"column":17},"end":{"line":138,"column":70}},{"start":{},"end":{}}],"line":138},"18":{"loc":{"start":{"line":141,"column":8},"end":{"line":146,"column":9}},"type":"if","locations":[{"start":{"line":141,"column":8},"end":{"line":146,"column":9}},{"start":{},"end":{}}],"line":141}},"s":{"0":4,"1":4,"2":4,"3":1,"4":3,"5":1,"6":2,"7":1,"8":1,"9":1,"10":1,"11":1,"12":1,"13":1,"14":1,"15":1,"16":1,"17":1,"18":1,"19":0,"20":0,"21":1,"22":1,"23":1,"24":5,"25":5,"26":5,"27":1,"28":4,"29":4,"30":1,"31":3,"32":3,"33":1,"34":2,"35":1,"36":1,"37":1,"38":1,"39":1,"40":1,"41":1,"42":1,"43":0,"44":0,"45":1,"46":1,"47":1},"f":{"0":4,"1":4,"2":5,"3":5},"b":{"0":[1,3],"1":[1,2],"2":[1,1],"3":[1,0],"4":[1,0],"5":[1,0],"6":[0,0],"7":[1,0],"8":[1,4],"9":[1,3],"10":[3,2,1],"11":[1,2],"12":[1,1],"13":[2,1],"14":[1,0],"15":[1,0],"16":[1,0],"17":[0,0],"18":[1,0]},"_coverageSchema":"1a1c01bbd47fc00a2c39e90264f33305004495a9","hash":"9568d22d60fdad578ef22189d7f84d630d03469a"}
,"D:\\Codingan\\JavaScript\\ExpressJS\\backend-task-api\\src\\services\\auth.service.js": {"path":"D:\\Codingan\\JavaScript\\ExpressJS\\backend-task-api\\src\\services\\auth.service.js","statementMap":{"0":{"start":{"line":11,"column":27},"end":{"line":86,"column":1}},"1":{"start":{"line":14,"column":29},"end":{"line":14,"column":57}},"2":{"start":{"line":15,"column":8},"end":{"line":17,"column":9}},"3":{"start":{"line":16,"column":12},"end":{"line":16,"column":51}},"4":{"start":{"line":19,"column":31},"end":{"line":19,"column":59}},"5":{"start":{"line":21,"column":24},"end":{"line":26,"column":10}},"6":{"start":{"line":28,"column":8},"end":{"line":28,"column":22}},"7":{"start":{"line":33,"column":21},"end":{"line":33,"column":49}},"8":{"start":{"line":34,"column":8},"end":{"line":34,"column":64}},"9":{"start":{"line":34,"column":19},"end":{"line":34,"column":64}},"10":{"start":{"line":36,"column":32},"end":{"line":36,"column":78}},"11":{"start":{"line":37,"column":8},"end":{"line":37,"column":75}},"12":{"start":{"line":37,"column":30},"end":{"line":37,"column":75}},"13":{"start":{"line":39,"column":28},"end":{"line":42,"column":10}},"14":{"start":{"line":44,"column":29},"end":{"line":44,"column":51}},"15":{"start":{"line":45,"column":26},"end":{"line":45,"column":36}},"16":{"start":{"line":46,"column":8},"end":{"line":46,"column":50}},"17":{"start":{"line":48,"column":8},"end":{"line":48,"column":66}},"18":{"start":{"line":49,"column":8},"end":{"line":49,"column":44}},"19":{"start":{"line":54,"column":8},"end":{"line":54,"column":49}},"20":{"start":{"line":55,"column":8},"end":{"line":55,"column":47}},"21":{"start":{"line":60,"column":8},"end":{"line":60,"column":64}},"22":{"start":{"line":60,"column":20},"end":{"line":60,"column":64}},"23":{"start":{"line":62,"column":28},"end":{"line":65,"column":10}},"24":{"start":{"line":67,"column":8},"end":{"line":67,"column":66}},"25":{"start":{"line":67,"column":26},"end":{"line":67,"column":66}},"26":{"start":{"line":68,"column":8},"end":{"line":69,"column":52}},"27":{"start":{"line":69,"column":12},"end":{"line":69,"column":52}},"28":{"start":{"line":71,"column":21},"end":{"line":71,"column":37}},"29":{"start":{"line":72,"column":8},"end":{"line":72,"column":52}},"30":{"start":{"line":72,"column":19},"end":{"line":72,"column":52}},"31":{"start":{"line":74,"column":31},"end":{"line":82,"column":9}},"32":{"start":{"line":84,"column":8},"end":{"line":84,"column":46}}},"fnMap":{"0":{"name":"(anonymous_0)","decl":{"start":{"line":13,"column":18},"end":{"line":13,"column":19}},"loc":{"start":{"line":13,"column":61},"end":{"line":29,"column":5}},"line":13},"1":{"name":"(anonymous_1)","decl":{"start":{"line":32,"column":15},"end":{"line":32,"column":16}},"loc":{"start":{"line":32,"column":46},"end":{"line":50,"column":5}},"line":32},"2":{"name":"(anonymous_2)","decl":{"start":{"line":53,"column":16},"end":{"line":53,"column":17}},"loc":{"start":{"line":53,"column":34},"end":{"line":56,"column":5}},"line":53},"3":{"name":"(anonymous_3)","decl":{"start":{"line":59,"column":18},"end":{"line":59,"column":19}},"loc":{"start":{"line":59,"column":35},"end":{"line":85,"column":5}},"line":59}},"branchMap":{"0":{"loc":{"start":{"line":15,"column":8},"end":{"line":17,"column":9}},"type":"if","locations":[{"start":{"line":15,"column":8},"end":{"line":17,"column":9}},{"start":{},"end":{}}],"line":15},"1":{"loc":{"start":{"line":34,"column":8},"end":{"line":34,"column":64}},"type":"if","locations":[{"start":{"line":34,"column":8},"end":{"line":34,"column":64}},{"start":{},"end":{}}],"line":34},"2":{"loc":{"start":{"line":37,"column":8},"end":{"line":37,"column":75}},"type":"if","locations":[{"start":{"line":37,"column":8},"end":{"line":37,"column":75}},{"start":{},"end":{}}],"line":37},"3":{"loc":{"start":{"line":60,"column":8},"end":{"line":60,"column":64}},"type":"if","locations":[{"start":{"line":60,"column":8},"end":{"line":60,"column":64}},{"start":{},"end":{}}],"line":60},"4":{"loc":{"start":{"line":67,"column":8},"end":{"line":67,"column":66}},"type":"if","locations":[{"start":{"line":67,"column":8},"end":{"line":67,"column":66}},{"start":{},"end":{}}],"line":67},"5":{"loc":{"start":{"line":68,"column":8},"end":{"line":69,"column":52}},"type":"if","locations":[{"start":{"line":68,"column":8},"end":{"line":69,"column":52}},{"start":{},"end":{}}],"line":68},"6":{"loc":{"start":{"line":72,"column":8},"end":{"line":72,"column":52}},"type":"if","locations":[{"start":{"line":72,"column":8},"end":{"line":72,"column":52}},{"start":{},"end":{}}],"line":72}},"s":{"0":1,"1":2,"2":2,"3":1,"4":1,"5":1,"6":1,"7":3,"8":3,"9":1,"10":2,"11":2,"12":1,"13":1,"14":1,"15":1,"16":1,"17":1,"18":1,"19":1,"20":1,"21":5,"22":1,"23":4,"24":4,"25":1,"26":3,"27":1,"28":2,"29":2,"30":1,"31":1,"32":1},"f":{"0":2,"1":3,"2":1,"3":5},"b":{"0":[1,1],"1":[1,2],"2":[1,1],"3":[1,4],"4":[1,3],"5":[1,2],"6":[1,1]},"_coverageSchema":"1a1c01bbd47fc00a2c39e90264f33305004495a9","hash":"437731b3e6689f3995cc710caa0209e85e666afc"}
,"D:\\Codingan\\JavaScript\\ExpressJS\\backend-task-api\\src\\services\\task.service.js": {"path":"D:\\Codingan\\JavaScript\\ExpressJS\\backend-task-api\\src\\services\\task.service.js","statementMap":{"0":{"start":{"line":19,"column":8},"end":{"line":19,"column":16}},"1":{"start":{"line":21,"column":20},"end":{"line":21,"column":49}},"2":{"start":{"line":22,"column":4},"end":{"line":24,"column":5}},"3":{"start":{"line":23,"column":8},"end":{"line":23,"column":53}},"4":{"start":{"line":26,"column":4},"end":{"line":43,"column":5}},"5":{"start":{"line":27,"column":25},"end":{"line":27,"column":59}},"6":{"start":{"line":29,"column":8},"end":{"line":31,"column":9}},"7":{"start":{"line":30,"column":12},"end":{"line":30,"column":78}},"8":{"start":{"line":32,"column":8},"end":{"line":34,"column":9}},"9":{"start":{"line":33,"column":12},"end":{"line":33,"column":58}},"10":{"start":{"line":36,"column":8},"end":{"line":38,"column":9}},"11":{"start":{"line":37,"column":12},"end":{"line":37,"column":77}},"12":{"start":{"line":40,"column":8},"end":{"line":42,"column":9}},"13":{"start":{"line":41,"column":12},"end":{"line":41,"column":80}},"14":{"start":{"line":45,"column":24},"end":{"line":53,"column":5}},"15":{"start":{"line":55,"column":24},"end":{"line":55,"column":63}},"16":{"start":{"line":56,"column":4},"end":{"line":56,"column":22}},"17":{"start":{"line":61,"column":4},"end":{"line":80,"column":5}},"18":{"start":{"line":62,"column":8},"end":{"line":67,"column":9}},"19":{"start":{"line":66,"column":12},"end":{"line":66,"column":63}},"20":{"start":{"line":69,"column":8},"end":{"line":74,"column":9}},"21":{"start":{"line":73,"column":12},"end":{"line":73,"column":65}},"22":{"start":{"line":76,"column":22},"end":{"line":76,"column":58}},"23":{"start":{"line":77,"column":8},"end":{"line":77,"column":20}},"24":{"start":{"line":79,"column":8},"end":{"line":79,"column":19}},"25":{"start":{"line":86,"column":17},"end":{"line":86,"column":52}},"26":{"start":{"line":87,"column":4},"end":{"line":89,"column":5}},"27":{"start":{"line":88,"column":8},"end":{"line":88,"column":50}},"28":{"start":{"line":90,"column":4},"end":{"line":90,"column":15}},"29":{"start":{"line":95,"column":25},"end":{"line":95,"column":60}},"30":{"start":{"line":97,"column":4},"end":{"line":99,"column":5}},"31":{"start":{"line":98,"column":8},"end":{"line":98,"column":50}},"32":{"start":{"line":102,"column":4},"end":{"line":104,"column":5}},"33":{"start":{"line":103,"column":8},"end":{"line":103,"column":69}},"34":{"start":{"line":106,"column":4},"end":{"line":106,"column":55}},"35":{"start":{"line":111,"column":25},"end":{"line":111,"column":60}},"36":{"start":{"line":113,"column":4},"end":{"line":115,"column":5}},"37":{"start":{"line":114,"column":8},"end":{"line":114,"column":50}},"38":{"start":{"line":117,"column":4},"end":{"line":119,"column":5}},"39":{"start":{"line":118,"column":8},"end":{"line":118,"column":69}},"40":{"start":{"line":121,"column":4},"end":{"line":121,"column":45}}},"fnMap":{"0":{"name":"createTask","decl":{"start":{"line":17,"column":22},"end":{"line":17,"column":32}},"loc":{"start":{"line":17,"column":54},"end":{"line":57,"column":1}},"line":17},"1":{"name":"getAllTasks","decl":{"start":{"line":60,"column":22},"end":{"line":60,"column":33}},"loc":{"start":{"line":60,"column":43},"end":{"line":81,"column":1}},"line":60},"2":{"name":"getTaskById","decl":{"start":{"line":85,"column":22},"end":{"line":85,"column":33}},"loc":{"start":{"line":85,"column":42},"end":{"line":91,"column":1}},"line":85},"3":{"name":"updateTask","decl":{"start":{"line":94,"column":22},"end":{"line":94,"column":32}},"loc":{"start":{"line":94,"column":69},"end":{"line":107,"column":1}},"line":94},"4":{"name":"deleteTask","decl":{"start":{"line":110,"column":22},"end":{"line":110,"column":32}},"loc":{"start":{"line":110,"column":59},"end":{"line":122,"column":1}},"line":110}},"branchMap":{"0":{"loc":{"start":{"line":22,"column":4},"end":{"line":24,"column":5}},"type":"if","locations":[{"start":{"line":22,"column":4},"end":{"line":24,"column":5}},{"start":{},"end":{}}],"line":22},"1":{"loc":{"start":{"line":26,"column":4},"end":{"line":43,"column":5}},"type":"if","locations":[{"start":{"line":26,"column":4},"end":{"line":43,"column":5}},{"start":{},"end":{}}],"line":26},"2":{"loc":{"start":{"line":29,"column":8},"end":{"line":31,"column":9}},"type":"if","locations":[{"start":{"line":29,"column":8},"end":{"line":31,"column":9}},{"start":{},"end":{}}],"line":29},"3":{"loc":{"start":{"line":32,"column":8},"end":{"line":34,"column":9}},"type":"if","locations":[{"start":{"line":32,"column":8},"end":{"line":34,"column":9}},{"start":{},"end":{}}],"line":32},"4":{"loc":{"start":{"line":36,"column":8},"end":{"line":38,"column":9}},"type":"if","locations":[{"start":{"line":36,"column":8},"end":{"line":38,"column":9}},{"start":{},"end":{}}],"line":36},"5":{"loc":{"start":{"line":40,"column":8},"end":{"line":42,"column":9}},"type":"if","locations":[{"start":{"line":40,"column":8},"end":{"line":42,"column":9}},{"start":{},"end":{}}],"line":40},"6":{"loc":{"start":{"line":40,"column":12},"end":{"line":40,"column":67}},"type":"binary-expr","locations":[{"start":{"line":40,"column":12},"end":{"line":40,"column":38}},{"start":{"line":40,"column":42},"end":{"line":40,"column":67}}],"line":40},"7":{"loc":{"start":{"line":48,"column":16},"end":{"line":48,"column":41}},"type":"binary-expr","locations":[{"start":{"line":48,"column":16},"end":{"line":48,"column":22}},{"start":{"line":48,"column":26},"end":{"line":48,"column":41}}],"line":48},"8":{"loc":{"start":{"line":49,"column":18},"end":{"line":49,"column":49}},"type":"binary-expr","locations":[{"start":{"line":49,"column":18},"end":{"line":49,"column":26}},{"start":{"line":49,"column":30},"end":{"line":49,"column":49}}],"line":49},"9":{"loc":{"start":{"line":62,"column":8},"end":{"line":67,"column":9}},"type":"if","locations":[{"start":{"line":62,"column":8},"end":{"line":67,"column":9}},{"start":{},"end":{}}],"line":62},"10":{"loc":{"start":{"line":63,"column":12},"end":{"line":64,"column":63}},"type":"binary-expr","locations":[{"start":{"line":63,"column":12},"end":{"line":63,"column":26}},{"start":{"line":64,"column":12},"end":{"line":64,"column":63}}],"line":63},"11":{"loc":{"start":{"line":69,"column":8},"end":{"line":74,"column":9}},"type":"if","locations":[{"start":{"line":69,"column":8},"end":{"line":74,"column":9}},{"start":{},"end":{}}],"line":69},"12":{"loc":{"start":{"line":70,"column":12},"end":{"line":71,"column":67}},"type":"binary-expr","locations":[{"start":{"line":70,"column":12},"end":{"line":70,"column":28}},{"start":{"line":71,"column":12},"end":{"line":71,"column":67}}],"line":70},"13":{"loc":{"start":{"line":87,"column":4},"end":{"line":89,"column":5}},"type":"if","locations":[{"start":{"line":87,"column":4},"end":{"line":89,"column":5}},{"start":{},"end":{}}],"line":87},"14":{"loc":{"start":{"line":97,"column":4},"end":{"line":99,"column":5}},"type":"if","locations":[{"start":{"line":97,"column":4},"end":{"line":99,"column":5}},{"start":{},"end":{}}],"line":97},"15":{"loc":{"start":{"line":102,"column":4},"end":{"line":104,"column":5}},"type":"if","locations":[{"start":{"line":102,"column":4},"end":{"line":104,"column":5}},{"start":{},"end":{}}],"line":102},"16":{"loc":{"start":{"line":102,"column":8},"end":{"line":102,"column":69}},"type":"binary-expr","locations":[{"start":{"line":102,"column":8},"end":{"line":102,"column":45}},{"start":{"line":102,"column":49},"end":{"line":102,"column":69}}],"line":102},"17":{"loc":{"start":{"line":113,"column":4},"end":{"line":115,"column":5}},"type":"if","locations":[{"start":{"line":113,"column":4},"end":{"line":115,"column":5}},{"start":{},"end":{}}],"line":113},"18":{"loc":{"start":{"line":117,"column":4},"end":{"line":119,"column":5}},"type":"if","locations":[{"start":{"line":117,"column":4},"end":{"line":119,"column":5}},{"start":{},"end":{}}],"line":117},"19":{"loc":{"start":{"line":117,"column":8},"end":{"line":117,"column":69}},"type":"binary-expr","locations":[{"start":{"line":117,"column":8},"end":{"line":117,"column":28}},{"start":{"line":117,"column":32},"end":{"line":117,"column":69}}],"line":117}},"s":{"0":6,"1":6,"2":6,"3":1,"4":5,"5":5,"6":5,"7":1,"8":4,"9":1,"10":3,"11":2,"12":1,"13":0,"14":1,"15":1,"16":1,"17":3,"18":3,"19":1,"20":2,"21":1,"22":1,"23":1,"24":2,"25":2,"26":2,"27":1,"28":1,"29":3,"30":3,"31":1,"32":2,"33":1,"34":1,"35":3,"36":3,"37":1,"38":2,"39":1,"40":1},"f":{"0":6,"1":3,"2":2,"3":3,"4":3},"b":{"0":[1,5],"1":[5,0],"2":[1,4],"3":[1,3],"4":[2,1],"5":[0,1],"6":[1,0],"7":[1,1],"8":[1,1],"9":[1,2],"10":[3,1],"11":[1,1],"12":[2,1],"13":[1,1],"14":[1,2],"15":[1,1],"16":[2,1],"17":[1,2],"18":[1,1],"19":[2,2]},"_coverageSchema":"1a1c01bbd47fc00a2c39e90264f33305004495a9","hash":"b6a9aa51eda2f81e2c95e291e3af4991b5221ec7"}
,"D:\\Codingan\\JavaScript\\ExpressJS\\backend-task-api\\src\\services\\user.service.js": {"path":"D:\\Codingan\\JavaScript\\ExpressJS\\backend-task-api\\src\\services\\user.service.js","statementMap":{"0":{"start":{"line":9,"column":4},"end":{"line":9,"column":31}},"1":{"start":{"line":13,"column":17},"end":{"line":13,"column":43}},"2":{"start":{"line":14,"column":4},"end":{"line":14,"column":57}},"3":{"start":{"line":14,"column":15},"end":{"line":14,"column":57}},"4":{"start":{"line":16,"column":4},"end":{"line":18,"column":5}},"5":{"start":{"line":17,"column":8},"end":{"line":17,"column":71}},"6":{"start":{"line":20,"column":4},"end":{"line":20,"column":15}},"7":{"start":{"line":24,"column":17},"end":{"line":24,"column":43}},"8":{"start":{"line":25,"column":4},"end":{"line":25,"column":57}},"9":{"start":{"line":25,"column":15},"end":{"line":25,"column":57}},"10":{"start":{"line":27,"column":4},"end":{"line":27,"column":39}}},"fnMap":{"0":{"name":"getAllUsers","decl":{"start":{"line":8,"column":22},"end":{"line":8,"column":33}},"loc":{"start":{"line":8,"column":36},"end":{"line":10,"column":1}},"line":8},"1":{"name":"getUserByIdService","decl":{"start":{"line":12,"column":22},"end":{"line":12,"column":40}},"loc":{"start":{"line":12,"column":64},"end":{"line":21,"column":1}},"line":12},"2":{"name":"deleteUser","decl":{"start":{"line":23,"column":22},"end":{"line":23,"column":32}},"loc":{"start":{"line":23,"column":41},"end":{"line":28,"column":1}},"line":23}},"branchMap":{"0":{"loc":{"start":{"line":14,"column":4},"end":{"line":14,"column":57}},"type":"if","locations":[{"start":{"line":14,"column":4},"end":{"line":14,"column":57}},{"start":{},"end":{}}],"line":14},"1":{"loc":{"start":{"line":16,"column":4},"end":{"line":18,"column":5}},"type":"if","locations":[{"start":{"line":16,"column":4},"end":{"line":18,"column":5}},{"start":{},"end":{}}],"line":16},"2":{"loc":{"start":{"line":16,"column":8},"end":{"line":16,"column":60}},"type":"binary-expr","locations":[{"start":{"line":16,"column":8},"end":{"line":16,"column":35}},{"start":{"line":16,"column":39},"end":{"line":16,"column":60}}],"line":16},"3":{"loc":{"start":{"line":25,"column":4},"end":{"line":25,"column":57}},"type":"if","locations":[{"start":{"line":25,"column":4},"end":{"line":25,"column":57}},{"start":{},"end":{}}],"line":25}},"s":{"0":1,"1":5,"2":5,"3":2,"4":3,"5":2,"6":1,"7":3,"8":3,"9":2,"10":1},"f":{"0":1,"1":5,"2":3},"b":{"0":[2,3],"1":[2,1],"2":[3,2],"3":[2,1]},"_coverageSchema":"1a1c01bbd47fc00a2c39e90264f33305004495a9","hash":"3ea9ba22400d0c5492362db27e6146bfa91f12fe"}
,"D:\\Codingan\\JavaScript\\ExpressJS\\backend-task-api\\src\\utils\\hash.js": {"path":"D:\\Codingan\\JavaScript\\ExpressJS\\backend-task-api\\src\\utils\\hash.js","statementMap":{"0":{"start":{"line":4,"column":17},"end":{"line":4,"column":41}},"1":{"start":{"line":5,"column":4},"end":{"line":5,"column":44}},"2":{"start":{"line":9,"column":4},"end":{"line":9,"column":49}}},"fnMap":{"0":{"name":"hashPassword","decl":{"start":{"line":3,"column":22},"end":{"line":3,"column":34}},"loc":{"start":{"line":3,"column":45},"end":{"line":6,"column":1}},"line":3},"1":{"name":"comparePassword","decl":{"start":{"line":8,"column":22},"end":{"line":8,"column":37}},"loc":{"start":{"line":8,"column":56},"end":{"line":10,"column":1}},"line":8}},"branchMap":{},"s":{"0":2,"1":2,"2":3},"f":{"0":2,"1":3},"b":{},"_coverageSchema":"1a1c01bbd47fc00a2c39e90264f33305004495a9","hash":"7d7865d2167ca9bdacfaadb1ba8cc4637bde8aea"}
,"D:\\Codingan\\JavaScript\\ExpressJS\\backend-task-api\\src\\utils\\token.js": {"path":"D:\\Codingan\\JavaScript\\ExpressJS\\backend-task-api\\src\\utils\\token.js","statementMap":{"0":{"start":{"line":5,"column":4},"end":{"line":5,"column":74}},"1":{"start":{"line":9,"column":4},"end":{"line":9,"column":49}},"2":{"start":{"line":13,"column":4},"end":{"line":17,"column":5}},"3":{"start":{"line":14,"column":8},"end":{"line":14,"column":56}},"4":{"start":{"line":16,"column":8},"end":{"line":16,"column":19}}},"fnMap":{"0":{"name":"generateAccessToken","decl":{"start":{"line":4,"column":16},"end":{"line":4,"column":35}},"loc":{"start":{"line":4,"column":45},"end":{"line":6,"column":1}},"line":4},"1":{"name":"generateRefreshToken","decl":{"start":{"line":8,"column":16},"end":{"line":8,"column":36}},"loc":{"start":{"line":8,"column":39},"end":{"line":10,"column":1}},"line":8},"2":{"name":"verifyAccessToken","decl":{"start":{"line":12,"column":16},"end":{"line":12,"column":33}},"loc":{"start":{"line":12,"column":41},"end":{"line":18,"column":1}},"line":12}},"branchMap":{},"s":{"0":1,"1":1,"2":2,"3":2,"4":1},"f":{"0":1,"1":1,"2":2},"b":{},"_coverageSchema":"1a1c01bbd47fc00a2c39e90264f33305004495a9","hash":"c0130aa8ff95d5532aaeb8487efe8cd66893627e"}
,"D:\\Codingan\\JavaScript\\ExpressJS\\backend-task-api\\src\\validators\\auth.validator.js": {"path":"D:\\Codingan\\JavaScript\\ExpressJS\\backend-task-api\\src\\validators\\auth.validator.js","statementMap":{"0":{"start":{"line":3,"column":30},"end":{"line":8,"column":2}},"1":{"start":{"line":10,"column":27},"end":{"line":13,"column":2}},"2":{"start":{"line":15,"column":29},"end":{"line":17,"column":2}}},"fnMap":{},"branchMap":{},"s":{"0":1,"1":1,"2":1},"f":{},"b":{},"_coverageSchema":"1a1c01bbd47fc00a2c39e90264f33305004495a9","hash":"bf405d781e60c71725d2c1b84613de26bee71778"}
,"D:\\Codingan\\JavaScript\\ExpressJS\\backend-task-api\\src\\validators\\task.validator.js": {"path":"D:\\Codingan\\JavaScript\\ExpressJS\\backend-task-api\\src\\validators\\task.validator.js","statementMap":{"0":{"start":{"line":3,"column":32},"end":{"line":10,"column":2}},"1":{"start":{"line":12,"column":32},"end":{"line":19,"column":2}}},"fnMap":{},"branchMap":{},"s":{"0":1,"1":1},"f":{},"b":{},"_coverageSchema":"1a1c01bbd47fc00a2c39e90264f33305004495a9","hash":"1ff4e5109357654102e5b6386eba93872cafdae0"}
}
