{"D:\\Codingan\\JavaScript\\ExpressJS\\backend-task-api\\src\\config\\prisma.js": {"path":"D:\\Codingan\\JavaScript\\ExpressJS\\backend-task-api\\src\\config\\prisma.js","statementMap":{"0":{"start":{"line":4,"column":15},"end":{"line":6,"column":2}},"1":{"start":{"line":8,"column":0},"end":{"line":29,"column":1}},"2":{"start":{"line":9,"column":4},"end":{"line":14,"column":6}},"3":{"start":{"line":10,"column":8},"end":{"line":13,"column":9}},"4":{"start":{"line":16,"column":4},"end":{"line":21,"column":6}},"5":{"start":{"line":17,"column":8},"end":{"line":20,"column":9}},"6":{"start":{"line":23,"column":4},"end":{"line":28,"column":6}},"7":{"start":{"line":24,"column":8},"end":{"line":27,"column":9}},"8":{"start":{"line":32,"column":4},"end":{"line":39,"column":5}},"9":{"start":{"line":33,"column":8},"end":{"line":33,"column":40}},"10":{"start":{"line":34,"column":8},"end":{"line":34,"column":76}},"11":{"start":{"line":36,"column":8},"end":{"line":36,"column":71}},"12":{"start":{"line":37,"column":8},"end":{"line":37,"column":63}},"13":{"start":{"line":38,"column":8},"end":{"line":38,"column":23}},"14":{"start":{"line":42,"column":0},"end":{"line":44,"column":1}},"15":{"start":{"line":43,"column":4},"end":{"line":43,"column":20}}},"fnMap":{"0":{"name":"(anonymous_0)","decl":{"start":{"line":9,"column":24},"end":{"line":9,"column":25}},"loc":{"start":{"line":9,"column":31},"end":{"line":14,"column":5}},"line":9},"1":{"name":"(anonymous_1)","decl":{"start":{"line":16,"column":23},"end":{"line":16,"column":24}},"loc":{"start":{"line":16,"column":30},"end":{"line":21,"column":5}},"line":16},"2":{"name":"(anonymous_2)","decl":{"start":{"line":23,"column":24},"end":{"line":23,"column":25}},"loc":{"start":{"line":23,"column":31},"end":{"line":28,"column":5}},"line":23},"3":{"name":"testConnection","decl":{"start":{"line":31,"column":15},"end":{"line":31,"column":29}},"loc":{"start":{"line":31,"column":32},"end":{"line":40,"column":1}},"line":31}},"branchMap":{"0":{"loc":{"start":{"line":8,"column":0},"end":{"line":29,"column":1}},"type":"if","locations":[{"start":{"line":8,"column":0},"end":{"line":29,"column":1}},{"start":{},"end":{}}],"line":8},"1":{"loc":{"start":{"line":42,"column":0},"end":{"line":44,"column":1}},"type":"if","locations":[{"start":{"line":42,"column":0},"end":{"line":44,"column":1}},{"start":{},"end":{}}],"line":42}},"s":{"0":8,"1":8,"2":0,"3":0,"4":0,"5":0,"6":0,"7":0,"8":0,"9":0,"10":0,"11":0,"12":0,"13":0,"14":8,"15":0},"f":{"0":0,"1":0,"2":0,"3":0},"b":{"0":[0,8],"1":[0,8]},"_coverageSchema":"1a1c01bbd47fc00a2c39e90264f33305004495a9","hash":"c147e5ff2d60f37db71546daf9f9228948108fb4"}
,"D:\\Codingan\\JavaScript\\ExpressJS\\backend-task-api\\src\\controllers\\attachment.controller.js": {"path":"D:\\Codingan\\JavaScript\\ExpressJS\\backend-task-api\\src\\controllers\\attachment.controller.js","statementMap":{"0":{"start":{"line":7,"column":4},"end":{"line":27,"column":5}},"1":{"start":{"line":8,"column":27},"end":{"line":8,"column":37}},"2":{"start":{"line":9,"column":27},"end":{"line":9,"column":35}},"3":{"start":{"line":11,"column":8},"end":{"line":13,"column":9}},"4":{"start":{"line":12,"column":12},"end":{"line":12,"column":73}},"5":{"start":{"line":15,"column":30},"end":{"line":15,"column":72}},"6":{"start":{"line":17,"column":8},"end":{"line":21,"column":10}},"7":{"start":{"line":23,"column":8},"end":{"line":25,"column":9}},"8":{"start":{"line":24,"column":12},"end":{"line":24,"column":67}},"9":{"start":{"line":26,"column":8},"end":{"line":26,"column":19}},"10":{"start":{"line":31,"column":4},"end":{"line":40,"column":5}},"11":{"start":{"line":32,"column":23},"end":{"line":32,"column":33}},"12":{"start":{"line":33,"column":33},"end":{"line":33,"column":41}},"13":{"start":{"line":35,"column":23},"end":{"line":35,"column":70}},"14":{"start":{"line":37,"column":8},"end":{"line":37,"column":36}},"15":{"start":{"line":39,"column":8},"end":{"line":39,"column":17}}},"fnMap":{"0":{"name":"uploadTaskAttachment","decl":{"start":{"line":6,"column":22},"end":{"line":6,"column":42}},"loc":{"start":{"line":6,"column":59},"end":{"line":28,"column":1}},"line":6},"1":{"name":"handleDeleteAttachment","decl":{"start":{"line":30,"column":22},"end":{"line":30,"column":44}},"loc":{"start":{"line":30,"column":61},"end":{"line":41,"column":1}},"line":30}},"branchMap":{"0":{"loc":{"start":{"line":11,"column":8},"end":{"line":13,"column":9}},"type":"if","locations":[{"start":{"line":11,"column":8},"end":{"line":13,"column":9}},{"start":{},"end":{}}],"line":11},"1":{"loc":{"start":{"line":23,"column":8},"end":{"line":25,"column":9}},"type":"if","locations":[{"start":{"line":23,"column":8},"end":{"line":25,"column":9}},{"start":{},"end":{}}],"line":23}},"s":{"0":4,"1":4,"2":4,"3":4,"4":1,"5":3,"6":1,"7":2,"8":1,"9":1,"10":2,"11":2,"12":2,"13":2,"14":1,"15":1},"f":{"0":4,"1":2},"b":{"0":[1,3],"1":[1,1]},"_coverageSchema":"1a1c01bbd47fc00a2c39e90264f33305004495a9","hash":"d6f427faafe1c4e6c5c6f55b97f4807951830839"}
,"D:\\Codingan\\JavaScript\\ExpressJS\\backend-task-api\\src\\controllers\\auth.controller.js": {"path":"D:\\Codingan\\JavaScript\\ExpressJS\\backend-task-api\\src\\controllers\\auth.controller.js","statementMap":{"0":{"start":{"line":9,"column":4},"end":{"line":46,"column":5}},"1":{"start":{"line":10,"column":33},"end":{"line":12,"column":10}},"2":{"start":{"line":14,"column":8},"end":{"line":26,"column":9}},"3":{"start":{"line":15,"column":27},"end":{"line":15,"column":29}},"4":{"start":{"line":16,"column":12},"end":{"line":20,"column":14}},"5":{"start":{"line":17,"column":28},"end":{"line":17,"column":42}},"6":{"start":{"line":18,"column":37},"end":{"line":18,"column":71}},"7":{"start":{"line":19,"column":16},"end":{"line":19,"column":42}},"8":{"start":{"line":21,"column":12},"end":{"line":25,"column":14}},"9":{"start":{"line":28,"column":48},"end":{"line":28,"column":53}},"10":{"start":{"line":30,"column":24},"end":{"line":35,"column":10}},"11":{"start":{"line":37,"column":8},"end":{"line":40,"column":10}},"12":{"start":{"line":42,"column":8},"end":{"line":44,"column":9}},"13":{"start":{"line":43,"column":12},"end":{"line":43,"column":67}},"14":{"start":{"line":45,"column":8},"end":{"line":45,"column":19}},"15":{"start":{"line":49,"column":21},"end":{"line":79,"column":1}},"16":{"start":{"line":50,"column":4},"end":{"line":78,"column":5}},"17":{"start":{"line":51,"column":33},"end":{"line":51,"column":63}},"18":{"start":{"line":53,"column":8},"end":{"line":60,"column":9}},"19":{"start":{"line":54,"column":33},"end":{"line":54,"column":75}},"20":{"start":{"line":56,"column":12},"end":{"line":59,"column":14}},"21":{"start":{"line":62,"column":36},"end":{"line":62,"column":41}},"22":{"start":{"line":64,"column":23},"end":{"line":64,"column":71}},"23":{"start":{"line":66,"column":8},"end":{"line":70,"column":10}},"24":{"start":{"line":72,"column":8},"end":{"line":76,"column":9}},"25":{"start":{"line":73,"column":12},"end":{"line":75,"column":65}},"26":{"start":{"line":77,"column":8},"end":{"line":77,"column":19}},"27":{"start":{"line":81,"column":23},"end":{"line":111,"column":1}},"28":{"start":{"line":82,"column":4},"end":{"line":110,"column":5}},"29":{"start":{"line":83,"column":33},"end":{"line":83,"column":65}},"30":{"start":{"line":85,"column":8},"end":{"line":89,"column":9}},"31":{"start":{"line":86,"column":12},"end":{"line":88,"column":76}},"32":{"start":{"line":91,"column":33},"end":{"line":91,"column":38}},"33":{"start":{"line":93,"column":26},"end":{"line":93,"column":70}},"34":{"start":{"line":95,"column":8},"end":{"line":99,"column":10}},"35":{"start":{"line":101,"column":8},"end":{"line":108,"column":9}},"36":{"start":{"line":105,"column":12},"end":{"line":107,"column":65}},"37":{"start":{"line":109,"column":8},"end":{"line":109,"column":19}}},"fnMap":{"0":{"name":"register","decl":{"start":{"line":8,"column":22},"end":{"line":8,"column":30}},"loc":{"start":{"line":8,"column":47},"end":{"line":47,"column":1}},"line":8},"1":{"name":"(anonymous_1)","decl":{"start":{"line":16,"column":34},"end":{"line":16,"column":35}},"loc":{"start":{"line":16,"column":46},"end":{"line":20,"column":13}},"line":16},"2":{"name":"(anonymous_2)","decl":{"start":{"line":49,"column":21},"end":{"line":49,"column":22}},"loc":{"start":{"line":49,"column":47},"end":{"line":79,"column":1}},"line":49},"3":{"name":"(anonymous_3)","decl":{"start":{"line":81,"column":23},"end":{"line":81,"column":24}},"loc":{"start":{"line":81,"column":49},"end":{"line":111,"column":1}},"line":81}},"branchMap":{"0":{"loc":{"start":{"line":14,"column":8},"end":{"line":26,"column":9}},"type":"if","locations":[{"start":{"line":14,"column":8},"end":{"line":26,"column":9}},{"start":{},"end":{}}],"line":14},"1":{"loc":{"start":{"line":42,"column":8},"end":{"line":44,"column":9}},"type":"if","locations":[{"start":{"line":42,"column":8},"end":{"line":44,"column":9}},{"start":{},"end":{}}],"line":42},"2":{"loc":{"start":{"line":53,"column":8},"end":{"line":60,"column":9}},"type":"if","locations":[{"start":{"line":53,"column":8},"end":{"line":60,"column":9}},{"start":{},"end":{}}],"line":53},"3":{"loc":{"start":{"line":72,"column":8},"end":{"line":76,"column":9}},"type":"if","locations":[{"start":{"line":72,"column":8},"end":{"line":76,"column":9}},{"start":{},"end":{}}],"line":72},"4":{"loc":{"start":{"line":85,"column":8},"end":{"line":89,"column":9}},"type":"if","locations":[{"start":{"line":85,"column":8},"end":{"line":89,"column":9}},{"start":{},"end":{}}],"line":85},"5":{"loc":{"start":{"line":101,"column":8},"end":{"line":108,"column":9}},"type":"if","locations":[{"start":{"line":101,"column":8},"end":{"line":108,"column":9}},{"start":{},"end":{}}],"line":101},"6":{"loc":{"start":{"line":102,"column":12},"end":{"line":103,"column":45}},"type":"binary-expr","locations":[{"start":{"line":102,"column":12},"end":{"line":102,"column":45}},{"start":{"line":103,"column":12},"end":{"line":103,"column":45}}],"line":102}},"s":{"0":4,"1":4,"2":4,"3":1,"4":1,"5":3,"6":3,"7":3,"8":1,"9":3,"10":3,"11":1,"12":2,"13":1,"14":1,"15":1,"16":3,"17":3,"18":3,"19":1,"20":1,"21":2,"22":2,"23":1,"24":1,"25":1,"26":0,"27":1,"28":4,"29":4,"30":4,"31":1,"32":3,"33":3,"34":1,"35":2,"36":1,"37":1},"f":{"0":4,"1":3,"2":3,"3":4},"b":{"0":[1,3],"1":[1,1],"2":[1,2],"3":[1,0],"4":[1,3],"5":[1,1],"6":[2,1]},"_coverageSchema":"1a1c01bbd47fc00a2c39e90264f33305004495a9","hash":"0fc9386c542bd1986fdd67f663c728700a2417a9"}
,"D:\\Codingan\\JavaScript\\ExpressJS\\backend-task-api\\src\\controllers\\task.controller.js": {"path":"D:\\Codingan\\JavaScript\\ExpressJS\\backend-task-api\\src\\controllers\\task.controller.js","statementMap":{"0":{"start":{"line":20,"column":4},"end":{"line":48,"column":5}},"1":{"start":{"line":22,"column":33},"end":{"line":22,"column":68}},"2":{"start":{"line":23,"column":8},"end":{"line":29,"column":9}},"3":{"start":{"line":24,"column":28},"end":{"line":24,"column":70}},"4":{"start":{"line":25,"column":12},"end":{"line":28,"column":14}},"5":{"start":{"line":31,"column":26},"end":{"line":31,"column":42}},"6":{"start":{"line":32,"column":24},"end":{"line":32,"column":65}},"7":{"start":{"line":34,"column":8},"end":{"line":38,"column":10}},"8":{"start":{"line":41,"column":8},"end":{"line":46,"column":9}},"9":{"start":{"line":42,"column":12},"end":{"line":45,"column":14}},"10":{"start":{"line":47,"column":8},"end":{"line":47,"column":19}},"11":{"start":{"line":56,"column":4},"end":{"line":68,"column":5}},"12":{"start":{"line":57,"column":44},"end":{"line":57,"column":53}},"13":{"start":{"line":58,"column":22},"end":{"line":58,"column":75}},"14":{"start":{"line":60,"column":8},"end":{"line":65,"column":10}},"15":{"start":{"line":67,"column":8},"end":{"line":67,"column":19}},"16":{"start":{"line":76,"column":4},"end":{"line":100,"column":5}},"17":{"start":{"line":77,"column":23},"end":{"line":77,"column":33}},"18":{"start":{"line":78,"column":21},"end":{"line":78,"column":49}},"19":{"start":{"line":80,"column":8},"end":{"line":85,"column":9}},"20":{"start":{"line":81,"column":12},"end":{"line":84,"column":14}},"21":{"start":{"line":87,"column":8},"end":{"line":91,"column":10}},"22":{"start":{"line":93,"column":8},"end":{"line":98,"column":9}},"23":{"start":{"line":94,"column":12},"end":{"line":97,"column":14}},"24":{"start":{"line":99,"column":8},"end":{"line":99,"column":19}},"25":{"start":{"line":109,"column":4},"end":{"line":145,"column":5}},"26":{"start":{"line":111,"column":33},"end":{"line":111,"column":68}},"27":{"start":{"line":112,"column":8},"end":{"line":118,"column":9}},"28":{"start":{"line":113,"column":28},"end":{"line":113,"column":70}},"29":{"start":{"line":114,"column":12},"end":{"line":117,"column":14}},"30":{"start":{"line":120,"column":23},"end":{"line":120,"column":33}},"31":{"start":{"line":121,"column":23},"end":{"line":121,"column":38}},"32":{"start":{"line":122,"column":25},"end":{"line":122,"column":38}},"33":{"start":{"line":124,"column":28},"end":{"line":124,"column":80}},"34":{"start":{"line":126,"column":8},"end":{"line":130,"column":10}},"35":{"start":{"line":132,"column":8},"end":{"line":137,"column":9}},"36":{"start":{"line":133,"column":12},"end":{"line":136,"column":14}},"37":{"start":{"line":138,"column":8},"end":{"line":143,"column":9}},"38":{"start":{"line":139,"column":12},"end":{"line":142,"column":14}},"39":{"start":{"line":144,"column":8},"end":{"line":144,"column":19}},"40":{"start":{"line":153,"column":4},"end":{"line":178,"column":5}},"41":{"start":{"line":154,"column":23},"end":{"line":154,"column":33}},"42":{"start":{"line":155,"column":33},"end":{"line":155,"column":41}},"43":{"start":{"line":157,"column":28},"end":{"line":157,"column":69}},"44":{"start":{"line":159,"column":8},"end":{"line":163,"column":10}},"45":{"start":{"line":165,"column":8},"end":{"line":170,"column":9}},"46":{"start":{"line":166,"column":12},"end":{"line":169,"column":14}},"47":{"start":{"line":171,"column":8},"end":{"line":176,"column":9}},"48":{"start":{"line":172,"column":12},"end":{"line":175,"column":14}},"49":{"start":{"line":177,"column":8},"end":{"line":177,"column":19}}},"fnMap":{"0":{"name":"createTask","decl":{"start":{"line":19,"column":22},"end":{"line":19,"column":32}},"loc":{"start":{"line":19,"column":49},"end":{"line":49,"column":1}},"line":19},"1":{"name":"getAllTasks","decl":{"start":{"line":55,"column":22},"end":{"line":55,"column":33}},"loc":{"start":{"line":55,"column":50},"end":{"line":69,"column":1}},"line":55},"2":{"name":"getTaskById","decl":{"start":{"line":75,"column":22},"end":{"line":75,"column":33}},"loc":{"start":{"line":75,"column":50},"end":{"line":101,"column":1}},"line":75},"3":{"name":"updateTask","decl":{"start":{"line":108,"column":22},"end":{"line":108,"column":32}},"loc":{"start":{"line":108,"column":49},"end":{"line":146,"column":1}},"line":108},"4":{"name":"deleteTask","decl":{"start":{"line":152,"column":22},"end":{"line":152,"column":32}},"loc":{"start":{"line":152,"column":49},"end":{"line":179,"column":1}},"line":152}},"branchMap":{"0":{"loc":{"start":{"line":23,"column":8},"end":{"line":29,"column":9}},"type":"if","locations":[{"start":{"line":23,"column":8},"end":{"line":29,"column":9}},{"start":{},"end":{}}],"line":23},"1":{"loc":{"start":{"line":41,"column":8},"end":{"line":46,"column":9}},"type":"if","locations":[{"start":{"line":41,"column":8},"end":{"line":46,"column":9}},{"start":{},"end":{}}],"line":41},"2":{"loc":{"start":{"line":80,"column":8},"end":{"line":85,"column":9}},"type":"if","locations":[{"start":{"line":80,"column":8},"end":{"line":85,"column":9}},{"start":{},"end":{}}],"line":80},"3":{"loc":{"start":{"line":93,"column":8},"end":{"line":98,"column":9}},"type":"if","locations":[{"start":{"line":93,"column":8},"end":{"line":98,"column":9}},{"start":{},"end":{}}],"line":93},"4":{"loc":{"start":{"line":112,"column":8},"end":{"line":118,"column":9}},"type":"if","locations":[{"start":{"line":112,"column":8},"end":{"line":118,"column":9}},{"start":{},"end":{}}],"line":112},"5":{"loc":{"start":{"line":132,"column":8},"end":{"line":137,"column":9}},"type":"if","locations":[{"start":{"line":132,"column":8},"end":{"line":137,"column":9}},{"start":{},"end":{}}],"line":132},"6":{"loc":{"start":{"line":138,"column":8},"end":{"line":143,"column":9}},"type":"if","locations":[{"start":{"line":138,"column":8},"end":{"line":143,"column":9}},{"start":{},"end":{}}],"line":138},"7":{"loc":{"start":{"line":165,"column":8},"end":{"line":170,"column":9}},"type":"if","locations":[{"start":{"line":165,"column":8},"end":{"line":170,"column":9}},{"start":{},"end":{}}],"line":165},"8":{"loc":{"start":{"line":171,"column":8},"end":{"line":176,"column":9}},"type":"if","locations":[{"start":{"line":171,"column":8},"end":{"line":176,"column":9}},{"start":{},"end":{}}],"line":171}},"s":{"0":3,"1":3,"2":3,"3":1,"4":1,"5":2,"6":2,"7":1,"8":1,"9":0,"10":1,"11":2,"12":2,"13":2,"14":1,"15":1,"16":3,"17":3,"18":3,"19":2,"20":1,"21":1,"22":1,"23":0,"24":1,"25":5,"26":5,"27":5,"28":1,"29":1,"30":4,"31":4,"32":4,"33":4,"34":1,"35":3,"36":1,"37":2,"38":1,"39":1,"40":4,"41":4,"42":4,"43":4,"44":1,"45":3,"46":1,"47":2,"48":1,"49":1},"f":{"0":3,"1":2,"2":3,"3":5,"4":4},"b":{"0":[1,2],"1":[0,1],"2":[1,1],"3":[0,1],"4":[1,4],"5":[1,2],"6":[1,1],"7":[1,2],"8":[1,1]},"_coverageSchema":"1a1c01bbd47fc00a2c39e90264f33305004495a9","hash":"a16401e434a84ad91b63c201dc0eaacd9b64ab92"}
,"D:\\Codingan\\JavaScript\\ExpressJS\\backend-task-api\\src\\errors\\constum.error.js": {"path":"D:\\Codingan\\JavaScript\\ExpressJS\\backend-task-api\\src\\errors\\constum.error.js","statementMap":{"0":{"start":{"line":3,"column":8},"end":{"line":3,"column":22}},"1":{"start":{"line":4,"column":8},"end":{"line":4,"column":37}},"2":{"start":{"line":5,"column":8},"end":{"line":5,"column":29}},"3":{"start":{"line":11,"column":8},"end":{"line":11,"column":22}},"4":{"start":{"line":12,"column":8},"end":{"line":12,"column":35}},"5":{"start":{"line":13,"column":8},"end":{"line":13,"column":29}},"6":{"start":{"line":19,"column":8},"end":{"line":19,"column":22}},"7":{"start":{"line":20,"column":8},"end":{"line":20,"column":36}},"8":{"start":{"line":21,"column":8},"end":{"line":21,"column":29}}},"fnMap":{"0":{"name":"(anonymous_0)","decl":{"start":{"line":2,"column":4},"end":{"line":2,"column":5}},"loc":{"start":{"line":2,"column":25},"end":{"line":6,"column":5}},"line":2},"1":{"name":"(anonymous_1)","decl":{"start":{"line":10,"column":4},"end":{"line":10,"column":5}},"loc":{"start":{"line":10,"column":25},"end":{"line":14,"column":5}},"line":10},"2":{"name":"(anonymous_2)","decl":{"start":{"line":18,"column":4},"end":{"line":18,"column":5}},"loc":{"start":{"line":18,"column":25},"end":{"line":22,"column":5}},"line":18}},"branchMap":{},"s":{"0":2,"1":2,"2":2,"3":6,"4":6,"5":6,"6":5,"7":5,"8":5},"f":{"0":2,"1":6,"2":5},"b":{},"_coverageSchema":"1a1c01bbd47fc00a2c39e90264f33305004495a9","hash":"f5efe0c8363111ee9b34195a837fe9d4d1f5c3bc"}
,"D:\\Codingan\\JavaScript\\ExpressJS\\backend-task-api\\src\\repositories\\attachment.repository.js": {"path":"D:\\Codingan\\JavaScript\\ExpressJS\\backend-task-api\\src\\repositories\\attachment.repository.js","statementMap":{"0":{"start":{"line":4,"column":4},"end":{"line":16,"column":6}},"1":{"start":{"line":20,"column":4},"end":{"line":24,"column":6}},"2":{"start":{"line":28,"column":4},"end":{"line":40,"column":6}}},"fnMap":{"0":{"name":"createAttachment","decl":{"start":{"line":3,"column":22},"end":{"line":3,"column":38}},"loc":{"start":{"line":3,"column":55},"end":{"line":17,"column":1}},"line":3},"1":{"name":"deleteAttachment","decl":{"start":{"line":19,"column":22},"end":{"line":19,"column":38}},"loc":{"start":{"line":19,"column":53},"end":{"line":25,"column":1}},"line":19},"2":{"name":"getAttachmentById","decl":{"start":{"line":27,"column":22},"end":{"line":27,"column":39}},"loc":{"start":{"line":27,"column":44},"end":{"line":41,"column":1}},"line":27}},"branchMap":{},"s":{"0":1,"1":1,"2":1},"f":{"0":1,"1":1,"2":1},"b":{},"_coverageSchema":"1a1c01bbd47fc00a2c39e90264f33305004495a9","hash":"8a7f16e6f653c03f38867ea354f696bf919f3a3c"}
,"D:\\Codingan\\JavaScript\\ExpressJS\\backend-task-api\\src\\repositories\\auth.repository.js": {"path":"D:\\Codingan\\JavaScript\\ExpressJS\\backend-task-api\\src\\repositories\\auth.repository.js","statementMap":{"0":{"start":{"line":4,"column":4},"end":{"line":6,"column":6}},"1":{"start":{"line":10,"column":4},"end":{"line":10,"column":61}}},"fnMap":{"0":{"name":"createUser","decl":{"start":{"line":3,"column":22},"end":{"line":3,"column":32}},"loc":{"start":{"line":3,"column":66},"end":{"line":7,"column":1}},"line":3},"1":{"name":"findUserByEmail","decl":{"start":{"line":9,"column":22},"end":{"line":9,"column":37}},"loc":{"start":{"line":9,"column":45},"end":{"line":11,"column":1}},"line":9}},"branchMap":{},"s":{"0":1,"1":2},"f":{"0":1,"1":2},"b":{},"_coverageSchema":"1a1c01bbd47fc00a2c39e90264f33305004495a9","hash":"f2c2d43e147c1e248104824bcfe18304a55a8892"}
,"D:\\Codingan\\JavaScript\\ExpressJS\\backend-task-api\\src\\repositories\\refreshToken.repository.js": {"path":"D:\\Codingan\\JavaScript\\ExpressJS\\backend-task-api\\src\\repositories\\refreshToken.repository.js","statementMap":{"0":{"start":{"line":4,"column":4},"end":{"line":10,"column":6}},"1":{"start":{"line":14,"column":4},"end":{"line":16,"column":6}},"2":{"start":{"line":20,"column":4},"end":{"line":22,"column":6}}},"fnMap":{"0":{"name":"createRefreshToken","decl":{"start":{"line":3,"column":22},"end":{"line":3,"column":40}},"loc":{"start":{"line":3,"column":67},"end":{"line":11,"column":1}},"line":3},"1":{"name":"findRefreshToken","decl":{"start":{"line":13,"column":22},"end":{"line":13,"column":38}},"loc":{"start":{"line":13,"column":46},"end":{"line":17,"column":1}},"line":13},"2":{"name":"deleteRefreshToken","decl":{"start":{"line":19,"column":22},"end":{"line":19,"column":40}},"loc":{"start":{"line":19,"column":48},"end":{"line":23,"column":1}},"line":19}},"branchMap":{},"s":{"0":1,"1":2,"2":1},"f":{"0":1,"1":2,"2":1},"b":{},"_coverageSchema":"1a1c01bbd47fc00a2c39e90264f33305004495a9","hash":"69a40b83a664be29d7d3bb55efe22e1c5ef728dd"}
,"D:\\Codingan\\JavaScript\\ExpressJS\\backend-task-api\\src\\repositories\\task.repository.js": {"path":"D:\\Codingan\\JavaScript\\ExpressJS\\backend-task-api\\src\\repositories\\task.repository.js","statementMap":{"0":{"start":{"line":4,"column":4},"end":{"line":6,"column":6}},"1":{"start":{"line":10,"column":46},"end":{"line":10,"column":53}},"2":{"start":{"line":12,"column":24},"end":{"line":12,"column":45}},"3":{"start":{"line":13,"column":23},"end":{"line":13,"column":42}},"4":{"start":{"line":14,"column":17},"end":{"line":14,"column":47}},"5":{"start":{"line":16,"column":18},"end":{"line":16,"column":20}},"6":{"start":{"line":18,"column":4},"end":{"line":20,"column":5}},"7":{"start":{"line":19,"column":8},"end":{"line":19,"column":43}},"8":{"start":{"line":21,"column":4},"end":{"line":23,"column":5}},"9":{"start":{"line":22,"column":8},"end":{"line":22,"column":47}},"10":{"start":{"line":24,"column":4},"end":{"line":26,"column":5}},"11":{"start":{"line":25,"column":8},"end":{"line":25,"column":59}},"12":{"start":{"line":27,"column":4},"end":{"line":29,"column":5}},"13":{"start":{"line":28,"column":8},"end":{"line":28,"column":57}},"14":{"start":{"line":30,"column":4},"end":{"line":34,"column":5}},"15":{"start":{"line":31,"column":8},"end":{"line":33,"column":9}},"16":{"start":{"line":35,"column":4},"end":{"line":39,"column":5}},"17":{"start":{"line":36,"column":8},"end":{"line":38,"column":9}},"18":{"start":{"line":41,"column":4},"end":{"line":71,"column":6}},"19":{"start":{"line":75,"column":4},"end":{"line":95,"column":6}},"20":{"start":{"line":99,"column":4},"end":{"line":104,"column":6}},"21":{"start":{"line":108,"column":4},"end":{"line":112,"column":6}},"22":{"start":{"line":116,"column":4},"end":{"line":119,"column":6}}},"fnMap":{"0":{"name":"createTask","decl":{"start":{"line":3,"column":22},"end":{"line":3,"column":32}},"loc":{"start":{"line":3,"column":43},"end":{"line":7,"column":1}},"line":3},"1":{"name":"getAllTasks","decl":{"start":{"line":9,"column":22},"end":{"line":9,"column":33}},"loc":{"start":{"line":9,"column":43},"end":{"line":72,"column":1}},"line":9},"2":{"name":"getTaskById","decl":{"start":{"line":74,"column":22},"end":{"line":74,"column":33}},"loc":{"start":{"line":74,"column":42},"end":{"line":96,"column":1}},"line":74},"3":{"name":"updateTask","decl":{"start":{"line":98,"column":22},"end":{"line":98,"column":32}},"loc":{"start":{"line":98,"column":51},"end":{"line":105,"column":1}},"line":98},"4":{"name":"deleteTask","decl":{"start":{"line":107,"column":22},"end":{"line":107,"column":32}},"loc":{"start":{"line":107,"column":41},"end":{"line":113,"column":1}},"line":107},"5":{"name":"updateTaskStatus","decl":{"start":{"line":115,"column":22},"end":{"line":115,"column":38}},"loc":{"start":{"line":115,"column":58},"end":{"line":120,"column":1}},"line":115}},"branchMap":{"0":{"loc":{"start":{"line":12,"column":24},"end":{"line":12,"column":45}},"type":"binary-expr","locations":[{"start":{"line":12,"column":24},"end":{"line":12,"column":39}},{"start":{"line":12,"column":43},"end":{"line":12,"column":45}}],"line":12},"1":{"loc":{"start":{"line":13,"column":23},"end":{"line":13,"column":42}},"type":"binary-expr","locations":[{"start":{"line":13,"column":23},"end":{"line":13,"column":37}},{"start":{"line":13,"column":41},"end":{"line":13,"column":42}}],"line":13},"2":{"loc":{"start":{"line":18,"column":4},"end":{"line":20,"column":5}},"type":"if","locations":[{"start":{"line":18,"column":4},"end":{"line":20,"column":5}},{"start":{},"end":{}}],"line":18},"3":{"loc":{"start":{"line":21,"column":4},"end":{"line":23,"column":5}},"type":"if","locations":[{"start":{"line":21,"column":4},"end":{"line":23,"column":5}},{"start":{},"end":{}}],"line":21},"4":{"loc":{"start":{"line":24,"column":4},"end":{"line":26,"column":5}},"type":"if","locations":[{"start":{"line":24,"column":4},"end":{"line":26,"column":5}},{"start":{},"end":{}}],"line":24},"5":{"loc":{"start":{"line":27,"column":4},"end":{"line":29,"column":5}},"type":"if","locations":[{"start":{"line":27,"column":4},"end":{"line":29,"column":5}},{"start":{},"end":{}}],"line":27},"6":{"loc":{"start":{"line":30,"column":4},"end":{"line":34,"column":5}},"type":"if","locations":[{"start":{"line":30,"column":4},"end":{"line":34,"column":5}},{"start":{},"end":{}}],"line":30},"7":{"loc":{"start":{"line":35,"column":4},"end":{"line":39,"column":5}},"type":"if","locations":[{"start":{"line":35,"column":4},"end":{"line":39,"column":5}},{"start":{},"end":{}}],"line":35}},"s":{"0":1,"1":1,"2":1,"3":1,"4":1,"5":1,"6":1,"7":1,"8":1,"9":0,"10":1,"11":0,"12":1,"13":0,"14":1,"15":0,"16":1,"17":0,"18":1,"19":1,"20":1,"21":1,"22":1},"f":{"0":1,"1":1,"2":1,"3":1,"4":1,"5":1},"b":{"0":[1,0],"1":[1,0],"2":[1,0],"3":[0,1],"4":[0,1],"5":[0,1],"6":[0,1],"7":[0,1]},"_coverageSchema":"1a1c01bbd47fc00a2c39e90264f33305004495a9","hash":"0c684a882ad0ae76be3af1c7e7fe0dbc2bcca1e4"}
,"D:\\Codingan\\JavaScript\\ExpressJS\\backend-task-api\\src\\repositories\\user.repository.js": {"path":"D:\\Codingan\\JavaScript\\ExpressJS\\backend-task-api\\src\\repositories\\user.repository.js","statementMap":{"0":{"start":{"line":4,"column":4},"end":{"line":8,"column":6}}},"fnMap":{"0":{"name":"findUserById","decl":{"start":{"line":3,"column":22},"end":{"line":3,"column":34}},"loc":{"start":{"line":3,"column":43},"end":{"line":9,"column":1}},"line":3}},"branchMap":{},"s":{"0":2},"f":{"0":2},"b":{},"_coverageSchema":"1a1c01bbd47fc00a2c39e90264f33305004495a9","hash":"24b9751f9869fa8a5014c8f95ff480c4cbc2cf88"}
,"D:\\Codingan\\JavaScript\\ExpressJS\\backend-task-api\\src\\services\\attachment.service.js": {"path":"D:\\Codingan\\JavaScript\\ExpressJS\\backend-task-api\\src\\services\\attachment.service.js","statementMap":{"0":{"start":{"line":16,"column":17},"end":{"line":16,"column":42}},"1":{"start":{"line":17,"column":4},"end":{"line":17,"column":57}},"2":{"start":{"line":17,"column":15},"end":{"line":17,"column":57}},"3":{"start":{"line":19,"column":4},"end":{"line":23,"column":5}},"4":{"start":{"line":20,"column":8},"end":{"line":22,"column":9}},"5":{"start":{"line":25,"column":4},"end":{"line":29,"column":5}},"6":{"start":{"line":26,"column":8},"end":{"line":28,"column":9}},"7":{"start":{"line":31,"column":24},"end":{"line":31,"column":66}},"8":{"start":{"line":32,"column":25},"end":{"line":32,"column":65}},"9":{"start":{"line":33,"column":24},"end":{"line":33,"column":75}},"10":{"start":{"line":34,"column":25},"end":{"line":34,"column":77}},"11":{"start":{"line":35,"column":22},"end":{"line":35,"column":32}},"12":{"start":{"line":36,"column":21},"end":{"line":36,"column":93}},"13":{"start":{"line":38,"column":17},"end":{"line":41,"column":6}},"14":{"start":{"line":43,"column":26},"end":{"line":48,"column":6}},"15":{"start":{"line":50,"column":20},"end":{"line":50,"column":31}},"16":{"start":{"line":51,"column":4},"end":{"line":52,"column":62}},"17":{"start":{"line":51,"column":32},"end":{"line":51,"column":57}},"18":{"start":{"line":52,"column":9},"end":{"line":52,"column":62}},"19":{"start":{"line":52,"column":44},"end":{"line":52,"column":62}},"20":{"start":{"line":54,"column":4},"end":{"line":56,"column":5}},"21":{"start":{"line":55,"column":8},"end":{"line":55,"column":49}},"22":{"start":{"line":58,"column":4},"end":{"line":65,"column":5}},"23":{"start":{"line":69,"column":23},"end":{"line":69,"column":60}},"24":{"start":{"line":70,"column":4},"end":{"line":70,"column":69}},"25":{"start":{"line":70,"column":21},"end":{"line":70,"column":69}},"26":{"start":{"line":72,"column":17},"end":{"line":72,"column":54}},"27":{"start":{"line":73,"column":4},"end":{"line":73,"column":57}},"28":{"start":{"line":73,"column":15},"end":{"line":73,"column":57}},"29":{"start":{"line":75,"column":4},"end":{"line":83,"column":5}},"30":{"start":{"line":80,"column":8},"end":{"line":82,"column":9}},"31":{"start":{"line":85,"column":4},"end":{"line":87,"column":6}},"32":{"start":{"line":89,"column":20},"end":{"line":89,"column":56}},"33":{"start":{"line":91,"column":4},"end":{"line":95,"column":5}}},"fnMap":{"0":{"name":"uploadFile","decl":{"start":{"line":15,"column":22},"end":{"line":15,"column":32}},"loc":{"start":{"line":15,"column":55},"end":{"line":66,"column":1}},"line":15},"1":{"name":"deleteAttachmentService","decl":{"start":{"line":68,"column":22},"end":{"line":68,"column":45}},"loc":{"start":{"line":68,"column":78},"end":{"line":96,"column":1}},"line":68}},"branchMap":{"0":{"loc":{"start":{"line":17,"column":4},"end":{"line":17,"column":57}},"type":"if","locations":[{"start":{"line":17,"column":4},"end":{"line":17,"column":57}},{"start":{},"end":{}}],"line":17},"1":{"loc":{"start":{"line":19,"column":4},"end":{"line":23,"column":5}},"type":"if","locations":[{"start":{"line":19,"column":4},"end":{"line":23,"column":5}},{"start":{},"end":{}}],"line":19},"2":{"loc":{"start":{"line":25,"column":4},"end":{"line":29,"column":5}},"type":"if","locations":[{"start":{"line":25,"column":4},"end":{"line":29,"column":5}},{"start":{},"end":{}}],"line":25},"3":{"loc":{"start":{"line":31,"column":24},"end":{"line":31,"column":66}},"type":"binary-expr","locations":[{"start":{"line":31,"column":24},"end":{"line":31,"column":45}},{"start":{"line":31,"column":49},"end":{"line":31,"column":66}}],"line":31},"4":{"loc":{"start":{"line":32,"column":25},"end":{"line":32,"column":65}},"type":"binary-expr","locations":[{"start":{"line":32,"column":25},"end":{"line":32,"column":47}},{"start":{"line":32,"column":51},"end":{"line":32,"column":65}}],"line":32},"5":{"loc":{"start":{"line":51,"column":4},"end":{"line":52,"column":62}},"type":"if","locations":[{"start":{"line":51,"column":4},"end":{"line":52,"column":62}},{"start":{"line":52,"column":9},"end":{"line":52,"column":62}}],"line":51},"6":{"loc":{"start":{"line":52,"column":9},"end":{"line":52,"column":62}},"type":"if","locations":[{"start":{"line":52,"column":9},"end":{"line":52,"column":62}},{"start":{},"end":{}}],"line":52},"7":{"loc":{"start":{"line":54,"column":4},"end":{"line":56,"column":5}},"type":"if","locations":[{"start":{"line":54,"column":4},"end":{"line":56,"column":5}},{"start":{},"end":{}}],"line":54},"8":{"loc":{"start":{"line":70,"column":4},"end":{"line":70,"column":69}},"type":"if","locations":[{"start":{"line":70,"column":4},"end":{"line":70,"column":69}},{"start":{},"end":{}}],"line":70},"9":{"loc":{"start":{"line":73,"column":4},"end":{"line":73,"column":57}},"type":"if","locations":[{"start":{"line":73,"column":4},"end":{"line":73,"column":57}},{"start":{},"end":{}}],"line":73},"10":{"loc":{"start":{"line":75,"column":4},"end":{"line":83,"column":5}},"type":"if","locations":[{"start":{"line":75,"column":4},"end":{"line":83,"column":5}},{"start":{},"end":{}}],"line":75},"11":{"loc":{"start":{"line":76,"column":8},"end":{"line":78,"column":28}},"type":"binary-expr","locations":[{"start":{"line":76,"column":8},"end":{"line":76,"column":38}},{"start":{"line":77,"column":8},"end":{"line":77,"column":37}},{"start":{"line":78,"column":8},"end":{"line":78,"column":28}}],"line":76}},"s":{"0":4,"1":4,"2":1,"3":3,"4":1,"5":2,"6":1,"7":1,"8":1,"9":1,"10":1,"11":1,"12":1,"13":1,"14":1,"15":1,"16":1,"17":1,"18":0,"19":0,"20":1,"21":1,"22":1,"23":3,"24":3,"25":1,"26":2,"27":2,"28":0,"29":2,"30":1,"31":1,"32":1,"33":1},"f":{"0":4,"1":3},"b":{"0":[1,3],"1":[1,2],"2":[1,1],"3":[1,0],"4":[1,0],"5":[1,0],"6":[0,0],"7":[1,0],"8":[1,2],"9":[0,2],"10":[1,1],"11":[2,1,1]},"_coverageSchema":"1a1c01bbd47fc00a2c39e90264f33305004495a9","hash":"f814ce6f02ae671e43da2f0176eb1e574df86987"}
,"D:\\Codingan\\JavaScript\\ExpressJS\\backend-task-api\\src\\services\\auth.service.js": {"path":"D:\\Codingan\\JavaScript\\ExpressJS\\backend-task-api\\src\\services\\auth.service.js","statementMap":{"0":{"start":{"line":6,"column":27},"end":{"line":54,"column":1}},"1":{"start":{"line":9,"column":29},"end":{"line":9,"column":57}},"2":{"start":{"line":10,"column":8},"end":{"line":12,"column":9}},"3":{"start":{"line":11,"column":12},"end":{"line":11,"column":51}},"4":{"start":{"line":14,"column":31},"end":{"line":14,"column":59}},"5":{"start":{"line":16,"column":24},"end":{"line":21,"column":10}},"6":{"start":{"line":23,"column":8},"end":{"line":23,"column":22}},"7":{"start":{"line":28,"column":21},"end":{"line":28,"column":49}},"8":{"start":{"line":30,"column":8},"end":{"line":32,"column":9}},"9":{"start":{"line":31,"column":12},"end":{"line":31,"column":57}},"10":{"start":{"line":34,"column":32},"end":{"line":34,"column":78}},"11":{"start":{"line":36,"column":8},"end":{"line":38,"column":9}},"12":{"start":{"line":37,"column":12},"end":{"line":37,"column":57}},"13":{"start":{"line":40,"column":28},"end":{"line":43,"column":10}},"14":{"start":{"line":45,"column":29},"end":{"line":45,"column":51}},"15":{"start":{"line":47,"column":26},"end":{"line":47,"column":36}},"16":{"start":{"line":48,"column":8},"end":{"line":48,"column":50}},"17":{"start":{"line":50,"column":8},"end":{"line":50,"column":66}},"18":{"start":{"line":52,"column":8},"end":{"line":52,"column":44}}},"fnMap":{"0":{"name":"(anonymous_0)","decl":{"start":{"line":8,"column":18},"end":{"line":8,"column":19}},"loc":{"start":{"line":8,"column":61},"end":{"line":24,"column":5}},"line":8},"1":{"name":"(anonymous_1)","decl":{"start":{"line":27,"column":15},"end":{"line":27,"column":16}},"loc":{"start":{"line":27,"column":46},"end":{"line":53,"column":5}},"line":27}},"branchMap":{"0":{"loc":{"start":{"line":10,"column":8},"end":{"line":12,"column":9}},"type":"if","locations":[{"start":{"line":10,"column":8},"end":{"line":12,"column":9}},{"start":{},"end":{}}],"line":10},"1":{"loc":{"start":{"line":30,"column":8},"end":{"line":32,"column":9}},"type":"if","locations":[{"start":{"line":30,"column":8},"end":{"line":32,"column":9}},{"start":{},"end":{}}],"line":30},"2":{"loc":{"start":{"line":36,"column":8},"end":{"line":38,"column":9}},"type":"if","locations":[{"start":{"line":36,"column":8},"end":{"line":38,"column":9}},{"start":{},"end":{}}],"line":36}},"s":{"0":1,"1":2,"2":2,"3":1,"4":1,"5":1,"6":1,"7":3,"8":3,"9":1,"10":2,"11":2,"12":1,"13":1,"14":1,"15":1,"16":1,"17":1,"18":1},"f":{"0":2,"1":3},"b":{"0":[1,1],"1":[1,2],"2":[1,1]},"_coverageSchema":"1a1c01bbd47fc00a2c39e90264f33305004495a9","hash":"e016cd7bcbe7261a05cb5afaf262781b58610d6f"}
,"D:\\Codingan\\JavaScript\\ExpressJS\\backend-task-api\\src\\services\\task.service.js": {"path":"D:\\Codingan\\JavaScript\\ExpressJS\\backend-task-api\\src\\services\\task.service.js","statementMap":{"0":{"start":{"line":19,"column":8},"end":{"line":19,"column":16}},"1":{"start":{"line":21,"column":20},"end":{"line":21,"column":49}},"2":{"start":{"line":22,"column":4},"end":{"line":24,"column":5}},"3":{"start":{"line":23,"column":8},"end":{"line":23,"column":53}},"4":{"start":{"line":26,"column":4},"end":{"line":43,"column":5}},"5":{"start":{"line":27,"column":25},"end":{"line":27,"column":59}},"6":{"start":{"line":29,"column":8},"end":{"line":31,"column":9}},"7":{"start":{"line":30,"column":12},"end":{"line":30,"column":78}},"8":{"start":{"line":32,"column":8},"end":{"line":34,"column":9}},"9":{"start":{"line":33,"column":12},"end":{"line":33,"column":58}},"10":{"start":{"line":36,"column":8},"end":{"line":38,"column":9}},"11":{"start":{"line":37,"column":12},"end":{"line":37,"column":77}},"12":{"start":{"line":40,"column":8},"end":{"line":42,"column":9}},"13":{"start":{"line":41,"column":12},"end":{"line":41,"column":80}},"14":{"start":{"line":45,"column":24},"end":{"line":53,"column":5}},"15":{"start":{"line":55,"column":24},"end":{"line":55,"column":63}},"16":{"start":{"line":56,"column":4},"end":{"line":56,"column":22}},"17":{"start":{"line":61,"column":4},"end":{"line":80,"column":5}},"18":{"start":{"line":62,"column":8},"end":{"line":67,"column":9}},"19":{"start":{"line":66,"column":12},"end":{"line":66,"column":63}},"20":{"start":{"line":69,"column":8},"end":{"line":74,"column":9}},"21":{"start":{"line":73,"column":12},"end":{"line":73,"column":65}},"22":{"start":{"line":76,"column":22},"end":{"line":76,"column":58}},"23":{"start":{"line":77,"column":8},"end":{"line":77,"column":20}},"24":{"start":{"line":79,"column":8},"end":{"line":79,"column":19}},"25":{"start":{"line":86,"column":17},"end":{"line":86,"column":52}},"26":{"start":{"line":87,"column":4},"end":{"line":89,"column":5}},"27":{"start":{"line":88,"column":8},"end":{"line":88,"column":50}},"28":{"start":{"line":90,"column":4},"end":{"line":90,"column":15}},"29":{"start":{"line":95,"column":25},"end":{"line":95,"column":60}},"30":{"start":{"line":97,"column":4},"end":{"line":99,"column":5}},"31":{"start":{"line":98,"column":8},"end":{"line":98,"column":50}},"32":{"start":{"line":102,"column":4},"end":{"line":104,"column":5}},"33":{"start":{"line":103,"column":8},"end":{"line":103,"column":69}},"34":{"start":{"line":106,"column":4},"end":{"line":106,"column":55}},"35":{"start":{"line":111,"column":25},"end":{"line":111,"column":60}},"36":{"start":{"line":113,"column":4},"end":{"line":115,"column":5}},"37":{"start":{"line":114,"column":8},"end":{"line":114,"column":50}},"38":{"start":{"line":117,"column":4},"end":{"line":119,"column":5}},"39":{"start":{"line":118,"column":8},"end":{"line":118,"column":69}},"40":{"start":{"line":121,"column":4},"end":{"line":121,"column":45}}},"fnMap":{"0":{"name":"createTask","decl":{"start":{"line":17,"column":22},"end":{"line":17,"column":32}},"loc":{"start":{"line":17,"column":54},"end":{"line":57,"column":1}},"line":17},"1":{"name":"getAllTasks","decl":{"start":{"line":60,"column":22},"end":{"line":60,"column":33}},"loc":{"start":{"line":60,"column":43},"end":{"line":81,"column":1}},"line":60},"2":{"name":"getTaskById","decl":{"start":{"line":85,"column":22},"end":{"line":85,"column":33}},"loc":{"start":{"line":85,"column":42},"end":{"line":91,"column":1}},"line":85},"3":{"name":"updateTask","decl":{"start":{"line":94,"column":22},"end":{"line":94,"column":32}},"loc":{"start":{"line":94,"column":69},"end":{"line":107,"column":1}},"line":94},"4":{"name":"deleteTask","decl":{"start":{"line":110,"column":22},"end":{"line":110,"column":32}},"loc":{"start":{"line":110,"column":59},"end":{"line":122,"column":1}},"line":110}},"branchMap":{"0":{"loc":{"start":{"line":22,"column":4},"end":{"line":24,"column":5}},"type":"if","locations":[{"start":{"line":22,"column":4},"end":{"line":24,"column":5}},{"start":{},"end":{}}],"line":22},"1":{"loc":{"start":{"line":26,"column":4},"end":{"line":43,"column":5}},"type":"if","locations":[{"start":{"line":26,"column":4},"end":{"line":43,"column":5}},{"start":{},"end":{}}],"line":26},"2":{"loc":{"start":{"line":29,"column":8},"end":{"line":31,"column":9}},"type":"if","locations":[{"start":{"line":29,"column":8},"end":{"line":31,"column":9}},{"start":{},"end":{}}],"line":29},"3":{"loc":{"start":{"line":32,"column":8},"end":{"line":34,"column":9}},"type":"if","locations":[{"start":{"line":32,"column":8},"end":{"line":34,"column":9}},{"start":{},"end":{}}],"line":32},"4":{"loc":{"start":{"line":36,"column":8},"end":{"line":38,"column":9}},"type":"if","locations":[{"start":{"line":36,"column":8},"end":{"line":38,"column":9}},{"start":{},"end":{}}],"line":36},"5":{"loc":{"start":{"line":40,"column":8},"end":{"line":42,"column":9}},"type":"if","locations":[{"start":{"line":40,"column":8},"end":{"line":42,"column":9}},{"start":{},"end":{}}],"line":40},"6":{"loc":{"start":{"line":40,"column":12},"end":{"line":40,"column":67}},"type":"binary-expr","locations":[{"start":{"line":40,"column":12},"end":{"line":40,"column":38}},{"start":{"line":40,"column":42},"end":{"line":40,"column":67}}],"line":40},"7":{"loc":{"start":{"line":48,"column":16},"end":{"line":48,"column":41}},"type":"binary-expr","locations":[{"start":{"line":48,"column":16},"end":{"line":48,"column":22}},{"start":{"line":48,"column":26},"end":{"line":48,"column":41}}],"line":48},"8":{"loc":{"start":{"line":49,"column":18},"end":{"line":49,"column":49}},"type":"binary-expr","locations":[{"start":{"line":49,"column":18},"end":{"line":49,"column":26}},{"start":{"line":49,"column":30},"end":{"line":49,"column":49}}],"line":49},"9":{"loc":{"start":{"line":62,"column":8},"end":{"line":67,"column":9}},"type":"if","locations":[{"start":{"line":62,"column":8},"end":{"line":67,"column":9}},{"start":{},"end":{}}],"line":62},"10":{"loc":{"start":{"line":63,"column":12},"end":{"line":64,"column":63}},"type":"binary-expr","locations":[{"start":{"line":63,"column":12},"end":{"line":63,"column":26}},{"start":{"line":64,"column":12},"end":{"line":64,"column":63}}],"line":63},"11":{"loc":{"start":{"line":69,"column":8},"end":{"line":74,"column":9}},"type":"if","locations":[{"start":{"line":69,"column":8},"end":{"line":74,"column":9}},{"start":{},"end":{}}],"line":69},"12":{"loc":{"start":{"line":70,"column":12},"end":{"line":71,"column":67}},"type":"binary-expr","locations":[{"start":{"line":70,"column":12},"end":{"line":70,"column":28}},{"start":{"line":71,"column":12},"end":{"line":71,"column":67}}],"line":70},"13":{"loc":{"start":{"line":87,"column":4},"end":{"line":89,"column":5}},"type":"if","locations":[{"start":{"line":87,"column":4},"end":{"line":89,"column":5}},{"start":{},"end":{}}],"line":87},"14":{"loc":{"start":{"line":97,"column":4},"end":{"line":99,"column":5}},"type":"if","locations":[{"start":{"line":97,"column":4},"end":{"line":99,"column":5}},{"start":{},"end":{}}],"line":97},"15":{"loc":{"start":{"line":102,"column":4},"end":{"line":104,"column":5}},"type":"if","locations":[{"start":{"line":102,"column":4},"end":{"line":104,"column":5}},{"start":{},"end":{}}],"line":102},"16":{"loc":{"start":{"line":102,"column":8},"end":{"line":102,"column":69}},"type":"binary-expr","locations":[{"start":{"line":102,"column":8},"end":{"line":102,"column":45}},{"start":{"line":102,"column":49},"end":{"line":102,"column":69}}],"line":102},"17":{"loc":{"start":{"line":113,"column":4},"end":{"line":115,"column":5}},"type":"if","locations":[{"start":{"line":113,"column":4},"end":{"line":115,"column":5}},{"start":{},"end":{}}],"line":113},"18":{"loc":{"start":{"line":117,"column":4},"end":{"line":119,"column":5}},"type":"if","locations":[{"start":{"line":117,"column":4},"end":{"line":119,"column":5}},{"start":{},"end":{}}],"line":117},"19":{"loc":{"start":{"line":117,"column":8},"end":{"line":117,"column":69}},"type":"binary-expr","locations":[{"start":{"line":117,"column":8},"end":{"line":117,"column":28}},{"start":{"line":117,"column":32},"end":{"line":117,"column":69}}],"line":117}},"s":{"0":3,"1":3,"2":3,"3":1,"4":2,"5":1,"6":1,"7":1,"8":0,"9":0,"10":0,"11":0,"12":0,"13":0,"14":1,"15":1,"16":1,"17":2,"18":2,"19":1,"20":1,"21":0,"22":1,"23":1,"24":1,"25":2,"26":2,"27":1,"28":1,"29":3,"30":3,"31":1,"32":2,"33":1,"34":1,"35":3,"36":3,"37":1,"38":2,"39":1,"40":1},"f":{"0":3,"1":2,"2":2,"3":3,"4":3},"b":{"0":[1,2],"1":[1,1],"2":[1,0],"3":[0,0],"4":[0,0],"5":[0,0],"6":[0,0],"7":[1,1],"8":[1,1],"9":[1,1],"10":[2,1],"11":[0,1],"12":[1,0],"13":[1,1],"14":[1,2],"15":[1,1],"16":[2,1],"17":[1,2],"18":[1,1],"19":[2,2]},"_coverageSchema":"1a1c01bbd47fc00a2c39e90264f33305004495a9","hash":"b6a9aa51eda2f81e2c95e291e3af4991b5221ec7"}
,"D:\\Codingan\\JavaScript\\ExpressJS\\backend-task-api\\src\\utils\\hash.js": {"path":"D:\\Codingan\\JavaScript\\ExpressJS\\backend-task-api\\src\\utils\\hash.js","statementMap":{"0":{"start":{"line":4,"column":17},"end":{"line":4,"column":41}},"1":{"start":{"line":5,"column":4},"end":{"line":5,"column":44}},"2":{"start":{"line":9,"column":4},"end":{"line":9,"column":49}}},"fnMap":{"0":{"name":"hashPassword","decl":{"start":{"line":3,"column":22},"end":{"line":3,"column":34}},"loc":{"start":{"line":3,"column":45},"end":{"line":6,"column":1}},"line":3},"1":{"name":"comparePassword","decl":{"start":{"line":8,"column":22},"end":{"line":8,"column":37}},"loc":{"start":{"line":8,"column":56},"end":{"line":10,"column":1}},"line":8}},"branchMap":{},"s":{"0":2,"1":2,"2":3},"f":{"0":2,"1":3},"b":{},"_coverageSchema":"1a1c01bbd47fc00a2c39e90264f33305004495a9","hash":"7d7865d2167ca9bdacfaadb1ba8cc4637bde8aea"}
,"D:\\Codingan\\JavaScript\\ExpressJS\\backend-task-api\\src\\utils\\token.js": {"path":"D:\\Codingan\\JavaScript\\ExpressJS\\backend-task-api\\src\\utils\\token.js","statementMap":{"0":{"start":{"line":5,"column":4},"end":{"line":5,"column":74}},"1":{"start":{"line":9,"column":4},"end":{"line":9,"column":49}},"2":{"start":{"line":13,"column":4},"end":{"line":17,"column":5}},"3":{"start":{"line":14,"column":8},"end":{"line":14,"column":56}},"4":{"start":{"line":16,"column":8},"end":{"line":16,"column":19}}},"fnMap":{"0":{"name":"generateAccessToken","decl":{"start":{"line":4,"column":16},"end":{"line":4,"column":35}},"loc":{"start":{"line":4,"column":45},"end":{"line":6,"column":1}},"line":4},"1":{"name":"generateRefreshToken","decl":{"start":{"line":8,"column":16},"end":{"line":8,"column":36}},"loc":{"start":{"line":8,"column":39},"end":{"line":10,"column":1}},"line":8},"2":{"name":"verifyAccessToken","decl":{"start":{"line":12,"column":16},"end":{"line":12,"column":33}},"loc":{"start":{"line":12,"column":41},"end":{"line":18,"column":1}},"line":12}},"branchMap":{},"s":{"0":1,"1":1,"2":2,"3":2,"4":1},"f":{"0":1,"1":1,"2":2},"b":{},"_coverageSchema":"1a1c01bbd47fc00a2c39e90264f33305004495a9","hash":"c0130aa8ff95d5532aaeb8487efe8cd66893627e"}
,"D:\\Codingan\\JavaScript\\ExpressJS\\backend-task-api\\src\\validators\\auth.validator.js": {"path":"D:\\Codingan\\JavaScript\\ExpressJS\\backend-task-api\\src\\validators\\auth.validator.js","statementMap":{"0":{"start":{"line":3,"column":30},"end":{"line":8,"column":2}},"1":{"start":{"line":10,"column":27},"end":{"line":13,"column":2}},"2":{"start":{"line":15,"column":29},"end":{"line":17,"column":2}}},"fnMap":{},"branchMap":{},"s":{"0":1,"1":1,"2":1},"f":{},"b":{},"_coverageSchema":"1a1c01bbd47fc00a2c39e90264f33305004495a9","hash":"bf405d781e60c71725d2c1b84613de26bee71778"}
,"D:\\Codingan\\JavaScript\\ExpressJS\\backend-task-api\\src\\validators\\task.validator.js": {"path":"D:\\Codingan\\JavaScript\\ExpressJS\\backend-task-api\\src\\validators\\task.validator.js","statementMap":{"0":{"start":{"line":3,"column":32},"end":{"line":10,"column":2}},"1":{"start":{"line":12,"column":32},"end":{"line":19,"column":2}}},"fnMap":{},"branchMap":{},"s":{"0":1,"1":1},"f":{},"b":{},"_coverageSchema":"1a1c01bbd47fc00a2c39e90264f33305004495a9","hash":"1ff4e5109357654102e5b6386eba93872cafdae0"}
}
