TN:
SF:src\controllers\attachment.controller.js
FN:6,uploadTaskAttachment
FN:30,handleDeleteAttachment
FNF:2
FNH:2
FNDA:4,uploadTaskAttachment
FNDA:2,handleDeleteAttachment
DA:7,4
DA:8,4
DA:9,4
DA:11,4
DA:12,1
DA:15,3
DA:17,1
DA:23,2
DA:24,1
DA:26,1
DA:31,2
DA:32,2
DA:33,2
DA:35,2
DA:37,1
DA:39,1
LF:16
LH:16
BRDA:11,0,0,1
BRDA:11,0,1,3
BRDA:23,1,0,1
BRDA:23,1,1,1
BRF:4
BRH:4
end_of_record
TN:
SF:src\controllers\auth.controller.js
FN:8,register
FN:16,(anonymous_1)
FN:49,(anonymous_2)
FN:81,(anonymous_3)
FN:113,(anonymous_4)
FNF:5
FNH:5
FNDA:3,register
FNDA:1,(anonymous_1)
FNDA:3,(anonymous_2)
FNDA:3,(anonymous_3)
FNDA:2,(anonymous_4)
DA:9,3
DA:10,3
DA:14,3
DA:15,1
DA:16,1
DA:17,1
DA:18,1
DA:19,1
DA:21,1
DA:28,2
DA:30,2
DA:37,1
DA:42,1
DA:43,1
DA:45,0
DA:49,1
DA:50,3
DA:51,3
DA:53,3
DA:54,1
DA:56,1
DA:62,2
DA:64,2
DA:66,1
DA:72,1
DA:73,1
DA:77,0
DA:81,1
DA:82,3
DA:83,3
DA:85,3
DA:86,1
DA:91,2
DA:93,2
DA:95,1
DA:101,1
DA:105,1
DA:109,0
DA:113,1
DA:114,2
DA:115,2
DA:117,2
DA:118,1
DA:123,1
DA:125,1
DA:130,0
LF:46
LH:42
BRDA:14,0,0,1
BRDA:14,0,1,2
BRDA:42,1,0,1
BRDA:42,1,1,0
BRDA:53,2,0,1
BRDA:53,2,1,2
BRDA:72,3,0,1
BRDA:72,3,1,0
BRDA:85,4,0,1
BRDA:85,4,1,2
BRDA:101,5,0,1
BRDA:101,5,1,0
BRDA:102,6,0,1
BRDA:102,6,1,0
BRDA:117,7,0,1
BRDA:117,7,1,1
BRF:16
BRH:12
end_of_record
TN:
SF:src\controllers\task.controller.js
FN:19,createTask
FN:55,getAllTasks
FN:75,getTaskById
FN:108,updateTask
FN:152,deleteTask
FNF:5
FNH:5
FNDA:3,createTask
FNDA:2,getAllTasks
FNDA:3,getTaskById
FNDA:4,updateTask
FNDA:3,deleteTask
DA:20,3
DA:22,3
DA:23,3
DA:24,1
DA:25,1
DA:31,2
DA:32,2
DA:34,1
DA:41,1
DA:42,1
DA:47,0
DA:56,2
DA:57,2
DA:58,2
DA:60,1
DA:67,1
DA:76,3
DA:77,3
DA:78,3
DA:80,2
DA:81,1
DA:87,1
DA:93,1
DA:94,1
DA:99,0
DA:109,4
DA:111,4
DA:112,4
DA:113,1
DA:114,1
DA:120,3
DA:121,3
DA:122,3
DA:124,3
DA:126,1
DA:132,2
DA:133,1
DA:138,1
DA:139,1
DA:144,0
DA:153,3
DA:154,3
DA:155,3
DA:157,3
DA:159,1
DA:165,2
DA:166,1
DA:171,1
DA:172,1
DA:177,0
LF:50
LH:46
BRDA:23,0,0,1
BRDA:23,0,1,2
BRDA:41,1,0,1
BRDA:41,1,1,0
BRDA:80,2,0,1
BRDA:80,2,1,1
BRDA:93,3,0,1
BRDA:93,3,1,0
BRDA:112,4,0,1
BRDA:112,4,1,3
BRDA:132,5,0,1
BRDA:132,5,1,1
BRDA:138,6,0,1
BRDA:138,6,1,0
BRDA:165,7,0,1
BRDA:165,7,1,1
BRDA:171,8,0,1
BRDA:171,8,1,0
BRF:18
BRH:14
end_of_record
TN:
SF:src\controllers\user.controller.js
FN:7,getAllUsersController
FN:21,getUserByIdController
FN:35,deleteUserController
FNF:3
FNH:3
FNDA:2,getAllUsersController
FNDA:2,getUserByIdController
FNDA:2,deleteUserController
DA:8,2
DA:9,2
DA:10,1
DA:17,1
DA:22,2
DA:23,2
DA:24,2
DA:25,1
DA:31,1
DA:36,2
DA:37,2
DA:38,2
DA:39,1
DA:45,1
LF:14
LH:14
BRF:0
BRH:0
end_of_record
TN:
SF:src\errors\constum.error.js
FN:2,(anonymous_0)
FN:10,(anonymous_1)
FN:18,(anonymous_2)
FNF:3
FNH:3
FNDA:3,(anonymous_0)
FNDA:12,(anonymous_1)
FNDA:10,(anonymous_2)
DA:3,3
DA:4,3
DA:5,3
DA:11,12
DA:12,12
DA:13,12
DA:19,10
DA:20,10
DA:21,10
LF:9
LH:9
BRF:0
BRH:0
end_of_record
TN:
SF:src\middlewares\auth.middleware.js
FN:6,(anonymous_0)
FNF:1
FNH:1
FNDA:6,(anonymous_0)
DA:4,1
DA:6,1
DA:7,6
DA:8,6
DA:10,6
DA:11,1
DA:17,5
DA:18,5
DA:21,2
DA:25,2
DA:26,1
DA:32,1
DA:33,1
DA:35,3
DA:39,2
DA:44,1
LF:16
LH:16
BRDA:8,0,0,6
BRDA:8,0,1,5
BRDA:10,1,0,1
BRDA:10,1,1,5
BRDA:25,2,0,1
BRDA:25,2,1,1
BRDA:35,3,0,2
BRDA:35,3,1,1
BRDA:36,4,0,3
BRDA:36,4,1,2
BRF:10
BRH:10
end_of_record
TN:
SF:src\middlewares\error.handler.js
FN:1,errorHandler
FNF:1
FNH:1
FNDA:5,errorHandler
DA:2,5
DA:3,5
DA:5,5
DA:6,4
DA:9,5
LF:5
LH:5
BRDA:2,0,0,5
BRDA:2,0,1,4
BRDA:2,0,2,3
BRDA:3,1,0,5
BRDA:3,1,1,0
BRDA:5,2,0,4
BRDA:5,2,1,1
BRDA:12,3,0,5
BRDA:12,3,1,1
BRF:9
BRH:8
end_of_record
TN:
SF:src\middlewares\rate.limiter.js
FNF:0
FNH:0
DA:3,2
LF:1
LH:1
BRF:0
BRH:0
end_of_record
TN:
SF:src\middlewares\rbac.middleware.js
FN:1,(anonymous_0)
FN:2,(anonymous_1)
FNF:2
FNH:2
FNDA:5,(anonymous_0)
FNDA:5,(anonymous_1)
DA:1,1
DA:2,5
DA:3,5
DA:4,2
DA:7,3
DA:8,3
DA:9,1
DA:14,2
LF:8
LH:8
BRDA:3,0,0,2
BRDA:3,0,1,3
BRDA:3,1,0,5
BRDA:3,1,1,4
BRDA:8,2,0,1
BRDA:8,2,1,2
BRF:6
BRH:6
end_of_record
TN:
SF:src\middlewares\upload.middleware.js
FN:20,(anonymous_0)
FN:25,(anonymous_1)
FNF:2
FNH:2
FNDA:3,(anonymous_0)
FNDA:12,(anonymous_1)
DA:3,1
DA:4,1
DA:6,1
DA:15,1
DA:17,1
DA:21,3
DA:22,2
DA:27,12
DA:28,12
DA:29,6
DA:30,6
DA:31,6
DA:33,2
DA:35,2
DA:37,2
DA:39,0
DA:42,0
DA:49,1
LF:18
LH:16
BRDA:21,0,0,2
BRDA:21,0,1,1
BRDA:28,1,0,6
BRDA:28,1,1,6
BRDA:29,2,0,2
BRDA:29,2,1,4
BRDA:30,3,0,6
BRDA:30,3,1,0
BRDA:31,4,0,2
BRDA:31,4,1,2
BRDA:31,4,2,2
BRDA:31,4,3,0
BRF:12
BRH:10
end_of_record
TN:
SF:src\repositories\attachment.repository.js
FN:3,createAttachment
FN:19,deleteAttachment
FN:27,getAttachmentById
FN:43,getAttachmentsByTaskId
FNF:4
FNH:4
FNDA:1,createAttachment
FNDA:1,deleteAttachment
FNDA:1,getAttachmentById
FNDA:1,getAttachmentsByTaskId
DA:4,1
DA:20,1
DA:28,1
DA:44,1
LF:4
LH:4
BRF:0
BRH:0
end_of_record
TN:
SF:src\repositories\auth.repository.js
FN:3,createUser
FN:9,findUserByEmail
FNF:2
FNH:2
FNDA:1,createUser
FNDA:2,findUserByEmail
DA:4,1
DA:10,2
LF:2
LH:2
BRF:0
BRH:0
end_of_record
TN:
SF:src\repositories\refreshToken.repository.js
FN:3,createRefreshToken
FN:13,findRefreshToken
FN:19,deleteRefreshToken
FN:25,deleteRefreshTokensByUserId
FNF:4
FNH:4
FNDA:1,createRefreshToken
FNDA:1,findRefreshToken
FNDA:1,deleteRefreshToken
FNDA:1,deleteRefreshTokensByUserId
DA:4,1
DA:14,1
DA:20,1
DA:26,1
LF:4
LH:4
BRF:0
BRH:0
end_of_record
TN:
SF:src\repositories\task.repository.js
FN:3,createTask
FN:29,getAllTasks
FN:94,getTaskById
FN:118,updateTask
FN:127,deleteTask
FN:135,updateTaskStatus
FNF:6
FNH:6
FNDA:2,createTask
FNDA:2,getAllTasks
FNDA:2,getTaskById
FNDA:2,updateTask
FNDA:2,deleteTask
FNDA:2,updateTaskStatus
DA:4,2
DA:22,2
DA:30,2
DA:32,2
DA:33,2
DA:34,2
DA:36,2
DA:38,2
DA:39,0
DA:41,2
DA:42,0
DA:44,2
DA:45,0
DA:47,2
DA:48,0
DA:50,2
DA:51,0
DA:55,2
DA:56,0
DA:61,2
DA:95,2
DA:119,2
DA:128,2
DA:136,2
LF:24
LH:18
BRDA:32,0,0,2
BRDA:32,0,1,0
BRDA:33,1,0,2
BRDA:33,1,1,0
BRDA:38,2,0,0
BRDA:38,2,1,2
BRDA:41,3,0,0
BRDA:41,3,1,2
BRDA:44,4,0,0
BRDA:44,4,1,2
BRDA:47,5,0,0
BRDA:47,5,1,2
BRDA:50,6,0,0
BRDA:50,6,1,2
BRDA:55,7,0,0
BRDA:55,7,1,2
BRF:16
BRH:8
end_of_record
TN:
SF:src\services\attachment.service.js
FN:16,uploadFile
FN:17,(anonymous_1)
FN:86,deleteAttachmentService
FN:87,(anonymous_3)
FNF:4
FNH:4
FNDA:4,uploadFile
FNDA:4,(anonymous_1)
FNDA:5,deleteAttachmentService
FNDA:5,(anonymous_3)
DA:17,4
DA:18,4
DA:26,4
DA:28,3
DA:29,1
DA:34,2
DA:35,1
DA:40,1
DA:41,1
DA:42,1
DA:43,1
DA:47,1
DA:48,1
DA:50,1
DA:55,1
DA:64,1
DA:65,1
DA:66,0
DA:68,1
DA:69,1
DA:75,1
DA:87,5
DA:88,5
DA:100,5
DA:102,4
DA:103,4
DA:106,3
DA:110,3
DA:111,1
DA:116,2
DA:117,1
DA:123,1
DA:128,1
DA:130,1
DA:135,1
DA:136,1
DA:137,1
DA:138,0
DA:141,1
DA:142,1
DA:148,1
LF:41
LH:39
BRDA:26,0,0,1
BRDA:26,0,1,3
BRDA:28,1,0,1
BRDA:28,1,1,2
BRDA:34,2,0,1
BRDA:34,2,1,1
BRDA:40,3,0,1
BRDA:40,3,1,0
BRDA:41,4,0,1
BRDA:41,4,1,0
BRDA:65,5,0,1
BRDA:65,5,1,0
BRDA:66,6,0,0
BRDA:66,6,1,0
BRDA:68,7,0,1
BRDA:68,7,1,0
BRDA:100,8,0,1
BRDA:100,8,1,4
BRDA:103,9,0,1
BRDA:103,9,1,3
BRDA:106,10,0,3
BRDA:106,10,1,2
BRDA:106,10,2,1
BRDA:110,11,0,1
BRDA:110,11,1,2
BRDA:116,12,0,1
BRDA:116,12,1,1
BRDA:116,13,0,2
BRDA:116,13,1,1
BRDA:136,14,0,1
BRDA:136,14,1,0
BRDA:136,15,0,1
BRDA:136,15,1,0
BRDA:137,16,0,1
BRDA:137,16,1,0
BRDA:138,17,0,0
BRDA:138,17,1,0
BRDA:141,18,0,1
BRDA:141,18,1,0
BRF:39
BRH:27
end_of_record
TN:
SF:src\services\auth.service.js
FN:13,(anonymous_0)
FN:32,(anonymous_1)
FN:53,(anonymous_2)
FN:59,(anonymous_3)
FNF:4
FNH:4
FNDA:2,(anonymous_0)
FNDA:3,(anonymous_1)
FNDA:1,(anonymous_2)
FNDA:5,(anonymous_3)
DA:11,1
DA:14,2
DA:15,2
DA:16,1
DA:19,1
DA:21,1
DA:28,1
DA:33,3
DA:34,3
DA:36,2
DA:37,2
DA:39,1
DA:44,1
DA:45,1
DA:46,1
DA:48,1
DA:49,1
DA:54,1
DA:55,1
DA:60,5
DA:62,4
DA:67,4
DA:68,3
DA:69,1
DA:71,2
DA:72,2
DA:74,1
DA:84,1
LF:28
LH:28
BRDA:15,0,0,1
BRDA:15,0,1,1
BRDA:34,1,0,1
BRDA:34,1,1,2
BRDA:37,2,0,1
BRDA:37,2,1,1
BRDA:60,3,0,1
BRDA:60,3,1,4
BRDA:67,4,0,1
BRDA:67,4,1,3
BRDA:68,5,0,1
BRDA:68,5,1,2
BRDA:72,6,0,1
BRDA:72,6,1,1
BRF:14
BRH:14
end_of_record
TN:
SF:src\services\task.service.js
FN:17,createTask
FN:60,getAllTasks
FN:85,getTaskById
FN:94,updateTask
FN:110,deleteTask
FNF:5
FNH:5
FNDA:6,createTask
FNDA:3,getAllTasks
FNDA:2,getTaskById
FNDA:3,updateTask
FNDA:3,deleteTask
DA:19,6
DA:21,6
DA:22,6
DA:23,1
DA:26,5
DA:27,5
DA:29,5
DA:30,1
DA:32,4
DA:33,1
DA:36,3
DA:37,2
DA:40,1
DA:41,0
DA:45,1
DA:55,1
DA:56,1
DA:61,3
DA:62,3
DA:66,1
DA:69,2
DA:73,1
DA:76,1
DA:77,1
DA:79,2
DA:86,2
DA:87,2
DA:88,1
DA:90,1
DA:95,3
DA:97,3
DA:98,1
DA:102,2
DA:103,1
DA:106,1
DA:111,3
DA:113,3
DA:114,1
DA:117,2
DA:118,1
DA:121,1
LF:41
LH:40
BRDA:22,0,0,1
BRDA:22,0,1,5
BRDA:26,1,0,5
BRDA:26,1,1,0
BRDA:29,2,0,1
BRDA:29,2,1,4
BRDA:32,3,0,1
BRDA:32,3,1,3
BRDA:36,4,0,2
BRDA:36,4,1,1
BRDA:40,5,0,0
BRDA:40,5,1,1
BRDA:40,6,0,1
BRDA:40,6,1,0
BRDA:48,7,0,1
BRDA:48,7,1,1
BRDA:49,8,0,1
BRDA:49,8,1,1
BRDA:62,9,0,1
BRDA:62,9,1,2
BRDA:63,10,0,3
BRDA:63,10,1,1
BRDA:69,11,0,1
BRDA:69,11,1,1
BRDA:70,12,0,2
BRDA:70,12,1,1
BRDA:87,13,0,1
BRDA:87,13,1,1
BRDA:97,14,0,1
BRDA:97,14,1,2
BRDA:102,15,0,1
BRDA:102,15,1,1
BRDA:102,16,0,2
BRDA:102,16,1,1
BRDA:113,17,0,1
BRDA:113,17,1,2
BRDA:117,18,0,1
BRDA:117,18,1,1
BRDA:117,19,0,2
BRDA:117,19,1,2
BRF:40
BRH:37
end_of_record
TN:
SF:src\services\user.service.js
FN:8,getAllUsers
FN:12,getUserByIdService
FN:23,deleteUser
FNF:3
FNH:3
FNDA:1,getAllUsers
FNDA:5,getUserByIdService
FNDA:3,deleteUser
DA:9,1
DA:13,5
DA:14,5
DA:16,3
DA:17,2
DA:20,1
DA:24,3
DA:25,3
DA:27,1
LF:9
LH:9
BRDA:14,0,0,2
BRDA:14,0,1,3
BRDA:16,1,0,2
BRDA:16,1,1,1
BRDA:16,2,0,3
BRDA:16,2,1,2
BRDA:25,3,0,2
BRDA:25,3,1,1
BRF:8
BRH:8
end_of_record
TN:
SF:src\utils\hash.js
FN:3,hashPassword
FN:8,comparePassword
FNF:2
FNH:2
FNDA:2,hashPassword
FNDA:3,comparePassword
DA:4,2
DA:5,2
DA:9,3
LF:3
LH:3
BRF:0
BRH:0
end_of_record
TN:
SF:src\utils\token.js
FN:4,generateAccessToken
FN:8,generateRefreshToken
FN:12,verifyAccessToken
FNF:3
FNH:3
FNDA:1,generateAccessToken
FNDA:1,generateRefreshToken
FNDA:2,verifyAccessToken
DA:5,1
DA:9,1
DA:13,2
DA:14,2
DA:16,1
LF:5
LH:5
BRF:0
BRH:0
end_of_record
TN:
SF:src\validators\auth.validator.js
FNF:0
FNH:0
DA:3,1
DA:10,1
DA:15,1
LF:3
LH:3
BRF:0
BRH:0
end_of_record
TN:
SF:src\validators\task.validator.js
FNF:0
FNH:0
DA:3,1
DA:12,1
LF:2
LH:2
BRF:0
BRH:0
end_of_record
