TN:
SF:src\config\prisma.js
FN:9,(anonymous_0)
FN:16,(anonymous_1)
FN:23,(anonymous_2)
FN:31,testConnection
FNF:4
FNH:0
FNDA:0,(anonymous_0)
FNDA:0,(anonymous_1)
FNDA:0,(anonymous_2)
FNDA:0,testConnection
DA:4,8
DA:8,8
DA:9,0
DA:10,0
DA:16,0
DA:17,0
DA:23,0
DA:24,0
DA:32,0
DA:33,0
DA:34,0
DA:36,0
DA:37,0
DA:38,0
DA:42,8
DA:43,0
LF:16
LH:3
BRDA:8,0,0,0
BRDA:8,0,1,8
BRDA:42,1,0,0
BRDA:42,1,1,8
BRF:4
BRH:2
end_of_record
TN:
SF:src\controllers\attachment.controller.js
FN:6,uploadTaskAttachment
FN:30,handleDeleteAttachment
FNF:2
FNH:2
FNDA:4,uploadTaskAttachment
FNDA:2,handleDeleteAttachment
DA:7,4
DA:8,4
DA:9,4
DA:11,4
DA:12,1
DA:15,3
DA:17,1
DA:23,2
DA:24,1
DA:26,1
DA:31,2
DA:32,2
DA:33,2
DA:35,2
DA:37,1
DA:39,1
LF:16
LH:16
BRDA:11,0,0,1
BRDA:11,0,1,3
BRDA:23,1,0,1
BRDA:23,1,1,1
BRF:4
BRH:4
end_of_record
TN:
SF:src\controllers\auth.controller.js
FN:8,register
FN:16,(anonymous_1)
FN:49,(anonymous_2)
FN:81,(anonymous_3)
FNF:4
FNH:4
FNDA:4,register
FNDA:3,(anonymous_1)
FNDA:3,(anonymous_2)
FNDA:4,(anonymous_3)
DA:9,4
DA:10,4
DA:14,4
DA:15,1
DA:16,1
DA:17,3
DA:18,3
DA:19,3
DA:21,1
DA:28,3
DA:30,3
DA:37,1
DA:42,2
DA:43,1
DA:45,1
DA:49,1
DA:50,3
DA:51,3
DA:53,3
DA:54,1
DA:56,1
DA:62,2
DA:64,2
DA:66,1
DA:72,1
DA:73,1
DA:77,0
DA:81,1
DA:82,4
DA:83,4
DA:85,4
DA:86,1
DA:91,3
DA:93,3
DA:95,1
DA:101,2
DA:105,1
DA:109,1
LF:38
LH:37
BRDA:14,0,0,1
BRDA:14,0,1,3
BRDA:42,1,0,1
BRDA:42,1,1,1
BRDA:53,2,0,1
BRDA:53,2,1,2
BRDA:72,3,0,1
BRDA:72,3,1,0
BRDA:85,4,0,1
BRDA:85,4,1,3
BRDA:101,5,0,1
BRDA:101,5,1,1
BRDA:102,6,0,2
BRDA:102,6,1,1
BRF:14
BRH:13
end_of_record
TN:
SF:src\controllers\task.controller.js
FN:19,createTask
FN:55,getAllTasks
FN:75,getTaskById
FN:108,updateTask
FN:152,deleteTask
FNF:5
FNH:5
FNDA:3,createTask
FNDA:2,getAllTasks
FNDA:3,getTaskById
FNDA:5,updateTask
FNDA:4,deleteTask
DA:20,3
DA:22,3
DA:23,3
DA:24,1
DA:25,1
DA:31,2
DA:32,2
DA:34,1
DA:41,1
DA:42,0
DA:47,1
DA:56,2
DA:57,2
DA:58,2
DA:60,1
DA:67,1
DA:76,3
DA:77,3
DA:78,3
DA:80,2
DA:81,1
DA:87,1
DA:93,1
DA:94,0
DA:99,1
DA:109,5
DA:111,5
DA:112,5
DA:113,1
DA:114,1
DA:120,4
DA:121,4
DA:122,4
DA:124,4
DA:126,1
DA:132,3
DA:133,1
DA:138,2
DA:139,1
DA:144,1
DA:153,4
DA:154,4
DA:155,4
DA:157,4
DA:159,1
DA:165,3
DA:166,1
DA:171,2
DA:172,1
DA:177,1
LF:50
LH:48
BRDA:23,0,0,1
BRDA:23,0,1,2
BRDA:41,1,0,0
BRDA:41,1,1,1
BRDA:80,2,0,1
BRDA:80,2,1,1
BRDA:93,3,0,0
BRDA:93,3,1,1
BRDA:112,4,0,1
BRDA:112,4,1,4
BRDA:132,5,0,1
BRDA:132,5,1,2
BRDA:138,6,0,1
BRDA:138,6,1,1
BRDA:165,7,0,1
BRDA:165,7,1,2
BRDA:171,8,0,1
BRDA:171,8,1,1
BRF:18
BRH:16
end_of_record
TN:
SF:src\errors\constum.error.js
FN:2,(anonymous_0)
FN:10,(anonymous_1)
FN:18,(anonymous_2)
FNF:3
FNH:3
FNDA:2,(anonymous_0)
FNDA:6,(anonymous_1)
FNDA:5,(anonymous_2)
DA:3,2
DA:4,2
DA:5,2
DA:11,6
DA:12,6
DA:13,6
DA:19,5
DA:20,5
DA:21,5
LF:9
LH:9
BRF:0
BRH:0
end_of_record
TN:
SF:src\repositories\attachment.repository.js
FN:3,createAttachment
FN:19,deleteAttachment
FN:27,getAttachmentById
FNF:3
FNH:3
FNDA:1,createAttachment
FNDA:1,deleteAttachment
FNDA:1,getAttachmentById
DA:4,1
DA:20,1
DA:28,1
LF:3
LH:3
BRF:0
BRH:0
end_of_record
TN:
SF:src\repositories\auth.repository.js
FN:3,createUser
FN:9,findUserByEmail
FNF:2
FNH:2
FNDA:1,createUser
FNDA:2,findUserByEmail
DA:4,1
DA:10,2
LF:2
LH:2
BRF:0
BRH:0
end_of_record
TN:
SF:src\repositories\refreshToken.repository.js
FN:3,createRefreshToken
FN:13,findRefreshToken
FN:19,deleteRefreshToken
FNF:3
FNH:3
FNDA:1,createRefreshToken
FNDA:2,findRefreshToken
FNDA:1,deleteRefreshToken
DA:4,1
DA:14,2
DA:20,1
LF:3
LH:3
BRF:0
BRH:0
end_of_record
TN:
SF:src\repositories\task.repository.js
FN:3,createTask
FN:9,getAllTasks
FN:74,getTaskById
FN:98,updateTask
FN:107,deleteTask
FN:115,updateTaskStatus
FNF:6
FNH:6
FNDA:1,createTask
FNDA:1,getAllTasks
FNDA:1,getTaskById
FNDA:1,updateTask
FNDA:1,deleteTask
FNDA:1,updateTaskStatus
DA:4,1
DA:10,1
DA:12,1
DA:13,1
DA:14,1
DA:16,1
DA:18,1
DA:19,1
DA:21,1
DA:22,0
DA:24,1
DA:25,0
DA:27,1
DA:28,0
DA:30,1
DA:31,0
DA:35,1
DA:36,0
DA:41,1
DA:75,1
DA:99,1
DA:108,1
DA:116,1
LF:23
LH:18
BRDA:12,0,0,1
BRDA:12,0,1,0
BRDA:13,1,0,1
BRDA:13,1,1,0
BRDA:18,2,0,1
BRDA:18,2,1,0
BRDA:21,3,0,0
BRDA:21,3,1,1
BRDA:24,4,0,0
BRDA:24,4,1,1
BRDA:27,5,0,0
BRDA:27,5,1,1
BRDA:30,6,0,0
BRDA:30,6,1,1
BRDA:35,7,0,0
BRDA:35,7,1,1
BRF:16
BRH:8
end_of_record
TN:
SF:src\repositories\user.repository.js
FN:3,findUserById
FNF:1
FNH:1
FNDA:2,findUserById
DA:4,2
LF:1
LH:1
BRF:0
BRH:0
end_of_record
TN:
SF:src\services\attachment.service.js
FN:15,uploadFile
FN:68,deleteAttachmentService
FNF:2
FNH:2
FNDA:4,uploadFile
FNDA:3,deleteAttachmentService
DA:16,4
DA:17,4
DA:19,3
DA:20,1
DA:25,2
DA:26,1
DA:31,1
DA:32,1
DA:33,1
DA:34,1
DA:35,1
DA:36,1
DA:38,1
DA:43,1
DA:50,1
DA:51,1
DA:52,0
DA:54,1
DA:55,1
DA:58,1
DA:69,3
DA:70,3
DA:72,2
DA:73,2
DA:75,2
DA:80,1
DA:85,1
DA:89,1
DA:91,1
LF:29
LH:28
BRDA:17,0,0,1
BRDA:17,0,1,3
BRDA:19,1,0,1
BRDA:19,1,1,2
BRDA:25,2,0,1
BRDA:25,2,1,1
BRDA:31,3,0,1
BRDA:31,3,1,0
BRDA:32,4,0,1
BRDA:32,4,1,0
BRDA:51,5,0,1
BRDA:51,5,1,0
BRDA:52,6,0,0
BRDA:52,6,1,0
BRDA:54,7,0,1
BRDA:54,7,1,0
BRDA:70,8,0,1
BRDA:70,8,1,2
BRDA:73,9,0,0
BRDA:73,9,1,2
BRDA:75,10,0,1
BRDA:75,10,1,1
BRDA:76,11,0,2
BRDA:76,11,1,1
BRDA:76,11,2,1
BRF:25
BRH:18
end_of_record
TN:
SF:src\services\auth.service.js
FN:8,(anonymous_0)
FN:27,(anonymous_1)
FNF:2
FNH:2
FNDA:2,(anonymous_0)
FNDA:3,(anonymous_1)
DA:6,1
DA:9,2
DA:10,2
DA:11,1
DA:14,1
DA:16,1
DA:23,1
DA:28,3
DA:30,3
DA:31,1
DA:34,2
DA:36,2
DA:37,1
DA:40,1
DA:45,1
DA:47,1
DA:48,1
DA:50,1
DA:52,1
LF:19
LH:19
BRDA:10,0,0,1
BRDA:10,0,1,1
BRDA:30,1,0,1
BRDA:30,1,1,2
BRDA:36,2,0,1
BRDA:36,2,1,1
BRF:6
BRH:6
end_of_record
TN:
SF:src\services\task.service.js
FN:17,createTask
FN:60,getAllTasks
FN:85,getTaskById
FN:94,updateTask
FN:110,deleteTask
FNF:5
FNH:5
FNDA:3,createTask
FNDA:2,getAllTasks
FNDA:2,getTaskById
FNDA:3,updateTask
FNDA:3,deleteTask
DA:19,3
DA:21,3
DA:22,3
DA:23,1
DA:26,2
DA:27,1
DA:29,1
DA:30,1
DA:32,0
DA:33,0
DA:36,0
DA:37,0
DA:40,0
DA:41,0
DA:45,1
DA:55,1
DA:56,1
DA:61,2
DA:62,2
DA:66,1
DA:69,1
DA:73,0
DA:76,1
DA:77,1
DA:79,1
DA:86,2
DA:87,2
DA:88,1
DA:90,1
DA:95,3
DA:97,3
DA:98,1
DA:102,2
DA:103,1
DA:106,1
DA:111,3
DA:113,3
DA:114,1
DA:117,2
DA:118,1
DA:121,1
LF:41
LH:34
BRDA:22,0,0,1
BRDA:22,0,1,2
BRDA:26,1,0,1
BRDA:26,1,1,1
BRDA:29,2,0,1
BRDA:29,2,1,0
BRDA:32,3,0,0
BRDA:32,3,1,0
BRDA:36,4,0,0
BRDA:36,4,1,0
BRDA:40,5,0,0
BRDA:40,5,1,0
BRDA:40,6,0,0
BRDA:40,6,1,0
BRDA:48,7,0,1
BRDA:48,7,1,1
BRDA:49,8,0,1
BRDA:49,8,1,1
BRDA:62,9,0,1
BRDA:62,9,1,1
BRDA:63,10,0,2
BRDA:63,10,1,1
BRDA:69,11,0,0
BRDA:69,11,1,1
BRDA:70,12,0,1
BRDA:70,12,1,0
BRDA:87,13,0,1
BRDA:87,13,1,1
BRDA:97,14,0,1
BRDA:97,14,1,2
BRDA:102,15,0,1
BRDA:102,15,1,1
BRDA:102,16,0,2
BRDA:102,16,1,1
BRDA:113,17,0,1
BRDA:113,17,1,2
BRDA:117,18,0,1
BRDA:117,18,1,1
BRDA:117,19,0,2
BRDA:117,19,1,2
BRF:40
BRH:29
end_of_record
TN:
SF:src\utils\hash.js
FN:3,hashPassword
FN:8,comparePassword
FNF:2
FNH:2
FNDA:2,hashPassword
FNDA:3,comparePassword
DA:4,2
DA:5,2
DA:9,3
LF:3
LH:3
BRF:0
BRH:0
end_of_record
TN:
SF:src\utils\token.js
FN:4,generateAccessToken
FN:8,generateRefreshToken
FN:12,verifyAccessToken
FNF:3
FNH:3
FNDA:1,generateAccessToken
FNDA:1,generateRefreshToken
FNDA:2,verifyAccessToken
DA:5,1
DA:9,1
DA:13,2
DA:14,2
DA:16,1
LF:5
LH:5
BRF:0
BRH:0
end_of_record
TN:
SF:src\validators\auth.validator.js
FNF:0
FNH:0
DA:3,1
DA:10,1
DA:15,1
LF:3
LH:3
BRF:0
BRH:0
end_of_record
TN:
SF:src\validators\task.validator.js
FNF:0
FNH:0
DA:3,1
DA:12,1
LF:2
LH:2
BRF:0
BRH:0
end_of_record
